2023-11-10 11:43:06.982 [info] Log level: Info
2023-11-10 11:43:06.982 [info] Validating found git in: "git"
2023-11-10 11:43:06.982 [info] Using git "2.34.1" from "git"
2023-11-10 11:43:06.982 [info] > git rev-parse --show-toplevel [3ms]
2023-11-10 11:43:06.982 [info] > git rev-parse --git-dir --git-common-dir [5ms]
2023-11-10 11:43:06.982 [info] Open repository: /home/sezuel/workspace/github.com/Sezuel/bookbot
2023-11-10 11:43:06.992 [info] > git rev-parse --show-toplevel [15ms]
2023-11-10 11:43:06.995 [info] > git config --get commit.template [21ms]
2023-11-10 11:43:07.009 [info] > git for-each-ref --format=%(refname)%00%(upstream:short)%00%(objectname)%00%(upstream:track)%00%(upstream:remotename)%00%(upstream:remoteref) refs/heads/main refs/remotes/main [5ms]
2023-11-10 11:43:07.016 [info] > git status -z -uall [3ms]
2023-11-10 11:43:07.026 [info] > git config --get commit.template [1ms]
2023-11-10 11:43:07.031 [info] > git for-each-ref --format=%(refname)%00%(upstream:short)%00%(objectname)%00%(upstream:track)%00%(upstream:remotename)%00%(upstream:remoteref) refs/heads/main refs/remotes/main [1ms]
2023-11-10 11:43:07.035 [info] > git status -z -uall [1ms]
2023-11-10 11:43:07.427 [info] > git show --textconv :main.py [5ms]
2023-11-10 11:43:07.427 [info] > git ls-files --stage -- /home/sezuel/workspace/github.com/Sezuel/bookbot/main.py [1ms]
2023-11-10 11:43:07.432 [info] > git cat-file -s 182230b7eca055d1a81fbc745e4e61b3147d7b5a [1ms]
2023-11-10 11:43:07.588 [info] > git check-ignore -v -z --stdin [1ms]
2023-11-10 11:43:47.841 [info] > git show --textconv :testing.py [3ms]
2023-11-10 11:43:47.841 [info] > git ls-files --stage -- /home/sezuel/workspace/github.com/Sezuel/bookbot/testing.py [1ms]
2023-11-10 11:43:48.112 [info] > git check-ignore -v -z --stdin [0ms]
2023-11-10 11:43:48.669 [info] > git config --get commit.template [4ms]
2023-11-10 11:43:48.670 [info] > git for-each-ref --format=%(refname)%00%(upstream:short)%00%(objectname)%00%(upstream:track)%00%(upstream:remotename)%00%(upstream:remoteref) refs/heads/main refs/remotes/main [2ms]
2023-11-10 11:43:48.673 [info] > git status -z -uall [1ms]
2023-11-10 11:43:50.061 [info] > git show --textconv :.gitignore [3ms]
2023-11-10 11:43:50.062 [info] > git ls-files --stage -- /home/sezuel/workspace/github.com/Sezuel/bookbot/.gitignore [2ms]
2023-11-10 11:43:50.065 [info] > git cat-file -s 1503dd9a6311d406af576293da11fd2466c6fac8 [1ms]
2023-11-10 11:43:56.247 [info] > git check-ignore -v -z --stdin [0ms]
2023-11-10 11:43:56.681 [info] > git config --get commit.template [3ms]
2023-11-10 11:43:56.681 [info] > git for-each-ref --format=%(refname)%00%(upstream:short)%00%(objectname)%00%(upstream:track)%00%(upstream:remotename)%00%(upstream:remoteref) refs/heads/main refs/remotes/main [1ms]
2023-11-10 11:43:56.684 [info] > git status -z -uall [1ms]
2023-11-10 11:44:00.601 [info] > git show --textconv :testing.py [3ms]
2023-11-10 11:44:00.602 [info] > git ls-files --stage -- /home/sezuel/workspace/github.com/Sezuel/bookbot/testing.py [1ms]
2023-11-10 11:45:23.955 [info] > git config --get commit.template [3ms]
2023-11-10 11:45:23.955 [info] > git for-each-ref --format=%(refname)%00%(upstream:short)%00%(objectname)%00%(upstream:track)%00%(upstream:remotename)%00%(upstream:remoteref) refs/heads/main refs/remotes/main [1ms]
2023-11-10 11:45:23.958 [info] > git status -z -uall [0ms]
2023-11-10 11:45:37.864 [info] > git config --get commit.template [3ms]
2023-11-10 11:45:37.864 [info] > git for-each-ref --format=%(refname)%00%(upstream:short)%00%(objectname)%00%(upstream:track)%00%(upstream:remotename)%00%(upstream:remoteref) refs/heads/main refs/remotes/main [0ms]
2023-11-10 11:45:37.867 [info] > git status -z -uall [1ms]
2023-11-10 11:46:41.778 [info] > git show --textconv :.gitignore [3ms]
2023-11-10 11:46:41.778 [info] > git ls-files --stage -- /home/sezuel/workspace/github.com/Sezuel/bookbot/.gitignore [0ms]
2023-11-10 11:46:41.781 [info] > git cat-file -s 1503dd9a6311d406af576293da11fd2466c6fac8 [0ms]
2023-11-10 11:46:43.011 [info] > git show --textconv :testing.py [4ms]
2023-11-10 11:46:43.012 [info] > git ls-files --stage -- /home/sezuel/workspace/github.com/Sezuel/bookbot/testing.py [1ms]
2023-11-10 11:48:55.010 [info] > git config --get commit.template [3ms]
2023-11-10 11:48:55.010 [info] > git for-each-ref --format=%(refname)%00%(upstream:short)%00%(objectname)%00%(upstream:track)%00%(upstream:remotename)%00%(upstream:remoteref) refs/heads/main refs/remotes/main [1ms]
2023-11-10 11:48:55.013 [info] > git status -z -uall [1ms]
2023-11-10 12:23:09.917 [info] > git config --get commit.template [3ms]
2023-11-10 12:23:09.918 [info] > git for-each-ref --format=%(refname)%00%(upstream:short)%00%(objectname)%00%(upstream:track)%00%(upstream:remotename)%00%(upstream:remoteref) refs/heads/main refs/remotes/main [1ms]
2023-11-10 12:23:09.922 [info] > git status -z -uall [1ms]
2023-11-10 12:23:29.025 [info] > git config --get commit.template [3ms]
2023-11-10 12:23:29.025 [info] > git for-each-ref --format=%(refname)%00%(upstream:short)%00%(objectname)%00%(upstream:track)%00%(upstream:remotename)%00%(upstream:remoteref) refs/heads/main refs/remotes/main [1ms]
2023-11-10 12:23:29.028 [info] > git status -z -uall [1ms]
2023-11-10 12:23:39.553 [info] > git config --get commit.template [4ms]
2023-11-10 12:23:39.553 [info] > git for-each-ref --format=%(refname)%00%(upstream:short)%00%(objectname)%00%(upstream:track)%00%(upstream:remotename)%00%(upstream:remoteref) refs/heads/main refs/remotes/main [1ms]
2023-11-10 12:23:39.556 [info] > git status -z -uall [1ms]
