2023-11-02 11:49:06.867 [info] Log level: Info
2023-11-02 11:49:06.867 [info] Validating found git in: "git"
2023-11-02 11:49:06.867 [info] Using git "2.34.1" from "git"
2023-11-02 11:49:06.867 [info] > git rev-parse --show-toplevel [2ms]
2023-11-02 11:49:06.867 [info] > git rev-parse --git-dir --git-common-dir [3ms]
2023-11-02 11:49:06.867 [info] Open repository: /home/sezuel
2023-11-02 11:49:06.872 [info] > git rev-parse --show-toplevel [5ms]
2023-11-02 11:49:06.874 [info] > git config --get commit.template [10ms]
2023-11-02 11:49:06.881 [info] No remotes found in the git config file.
2023-11-02 11:49:06.881 [info] > git for-each-ref --format=%(refname)%00%(upstream:short)%00%(objectname)%00%(upstream:track)%00%(upstream:remotename)%00%(upstream:remoteref) refs/heads/main refs/remotes/main [1ms]
2023-11-02 11:49:06.890 [info] > git status -z -uall [5ms]
2023-11-02 11:49:06.925 [info] > git config --get commit.template [1ms]
2023-11-02 11:49:06.929 [info] No remotes found in the git config file.
2023-11-02 11:49:06.930 [info] > git for-each-ref --format=%(refname)%00%(upstream:short)%00%(objectname)%00%(upstream:track)%00%(upstream:remotename)%00%(upstream:remoteref) refs/heads/main refs/remotes/main [1ms]
2023-11-02 11:49:06.940 [info] > git status -z -uall [6ms]
2023-11-02 11:49:07.376 [info] > git check-ignore -v -z --stdin [1ms]
2023-11-02 11:49:13.695 [info] > git config --get commit.template [4ms]
2023-11-02 11:49:13.695 [info] No remotes found in the git config file.
2023-11-02 11:49:13.695 [info] > git for-each-ref --format=%(refname)%00%(upstream:short)%00%(objectname)%00%(upstream:track)%00%(upstream:remotename)%00%(upstream:remoteref) refs/heads/main refs/remotes/main [1ms]
2023-11-02 11:49:13.703 [info] > git status -z -uall [6ms]
2023-11-02 11:49:18.724 [info] > git config --get commit.template [3ms]
2023-11-02 11:49:18.724 [info] No remotes found in the git config file.
2023-11-02 11:49:18.724 [info] > git for-each-ref --format=%(refname)%00%(upstream:short)%00%(objectname)%00%(upstream:track)%00%(upstream:remotename)%00%(upstream:remoteref) refs/heads/main refs/remotes/main [1ms]
2023-11-02 11:49:18.733 [info] > git status -z -uall [5ms]
2023-11-02 11:49:23.753 [info] > git config --get commit.template [3ms]
2023-11-02 11:49:23.754 [info] No remotes found in the git config file.
2023-11-02 11:49:23.754 [info] > git for-each-ref --format=%(refname)%00%(upstream:short)%00%(objectname)%00%(upstream:track)%00%(upstream:remotename)%00%(upstream:remoteref) refs/heads/main refs/remotes/main [1ms]
2023-11-02 11:49:23.762 [info] > git status -z -uall [6ms]
