2024-01-24 10:34:55.003 [info] Extension host with pid 781 started
2024-01-24 10:34:55.013 [info] Lock '/home/sezuel/.vscode-server/data/User/workspaceStorage/2cdf79ae98491957bf0c664af23bd4d2/vscode.lock': Lock acquired.
2024-01-24 10:34:55.029 [info] ExtensionService#_doActivateExtension vscode.tunnel-forwarding, startup: false, activationEvent: 'onTunnel'
2024-01-24 10:34:55.030 [info] ExtensionService#_doActivateExtension ms-python.python, startup: false, activationEvent: 'onLanguage:python'
2024-01-24 10:34:55.030 [info] ExtensionService#_doActivateExtension vscode.emmet, startup: false, activationEvent: 'onLanguage'
2024-01-24 10:34:55.490 [info] ExtensionService#_doActivateExtension ms-python.vscode-pylance, startup: false, activationEvent: 'onLanguage:python'
2024-01-24 10:34:56.014 [info] ExtensionService#_doActivateExtension vscode.git-base, startup: true, activationEvent: '*', root cause: vscode.git
2024-01-24 10:34:56.129 [info] ExtensionService#_doActivateExtension vscode.git, startup: true, activationEvent: '*'
2024-01-24 10:34:56.129 [info] ExtensionService#_doActivateExtension vscode.github, startup: true, activationEvent: '*'
2024-01-24 10:34:56.264 [info] Eager extensions activated
2024-01-24 10:34:56.264 [info] ExtensionService#_doActivateExtension vscode.debug-auto-launch, startup: false, activationEvent: 'onStartupFinished'
2024-01-24 10:34:56.264 [info] ExtensionService#_doActivateExtension vscode.merge-conflict, startup: false, activationEvent: 'onStartupFinished'
2024-01-24 10:34:56.907 [error] Error: Git error
	at ChildProcess.<anonymous> (/home/sezuel/.vscode-server/bin/8b3775030ed1a69b13e4f4c628c612102e30a681/extensions/git/dist/main.js:2:990935)
	at ChildProcess.emit (node:events:525:35)
	at ChildProcess._handle.onexit (node:internal/child_process:291:12)
2024-01-24 10:34:56.907 [error] Error: Git error
	at ChildProcess.<anonymous> (/home/sezuel/.vscode-server/bin/8b3775030ed1a69b13e4f4c628c612102e30a681/extensions/git/dist/main.js:2:990935)
	at ChildProcess.emit (node:events:525:35)
	at ChildProcess._handle.onexit (node:internal/child_process:291:12)
2024-01-24 10:34:56.907 [error] Error: Git error
	at ChildProcess.<anonymous> (/home/sezuel/.vscode-server/bin/8b3775030ed1a69b13e4f4c628c612102e30a681/extensions/git/dist/main.js:2:990935)
	at ChildProcess.emit (node:events:525:35)
	at ChildProcess._handle.onexit (node:internal/child_process:291:12)
2024-01-24 10:34:56.907 [error] Error: Git error
	at ChildProcess.<anonymous> (/home/sezuel/.vscode-server/bin/8b3775030ed1a69b13e4f4c628c612102e30a681/extensions/git/dist/main.js:2:990935)
	at ChildProcess.emit (node:events:525:35)
	at ChildProcess._handle.onexit (node:internal/child_process:291:12)
2024-01-24 10:34:56.907 [error] Error: Git error
	at ChildProcess.<anonymous> (/home/sezuel/.vscode-server/bin/8b3775030ed1a69b13e4f4c628c612102e30a681/extensions/git/dist/main.js:2:990935)
	at ChildProcess.emit (node:events:525:35)
	at ChildProcess._handle.onexit (node:internal/child_process:291:12)
2024-01-24 10:34:56.907 [error] Error: Git error
	at ChildProcess.<anonymous> (/home/sezuel/.vscode-server/bin/8b3775030ed1a69b13e4f4c628c612102e30a681/extensions/git/dist/main.js:2:990935)
	at ChildProcess.emit (node:events:525:35)
	at ChildProcess._handle.onexit (node:internal/child_process:291:12)
2024-01-24 10:34:56.907 [error] Error: Git error
	at ChildProcess.<anonymous> (/home/sezuel/.vscode-server/bin/8b3775030ed1a69b13e4f4c628c612102e30a681/extensions/git/dist/main.js:2:990935)
	at ChildProcess.emit (node:events:525:35)
	at ChildProcess._handle.onexit (node:internal/child_process:291:12)
2024-01-24 10:34:56.907 [error] Error: Git error
	at ChildProcess.<anonymous> (/home/sezuel/.vscode-server/bin/8b3775030ed1a69b13e4f4c628c612102e30a681/extensions/git/dist/main.js:2:990935)
	at ChildProcess.emit (node:events:525:35)
	at ChildProcess._handle.onexit (node:internal/child_process:291:12)
2024-01-24 10:34:56.907 [error] Error: Git error
	at ChildProcess.<anonymous> (/home/sezuel/.vscode-server/bin/8b3775030ed1a69b13e4f4c628c612102e30a681/extensions/git/dist/main.js:2:990935)
	at ChildProcess.emit (node:events:525:35)
	at ChildProcess._handle.onexit (node:internal/child_process:291:12)
2024-01-24 10:34:56.907 [error] Error: Git error
	at ChildProcess.<anonymous> (/home/sezuel/.vscode-server/bin/8b3775030ed1a69b13e4f4c628c612102e30a681/extensions/git/dist/main.js:2:990935)
	at ChildProcess.emit (node:events:525:35)
	at ChildProcess._handle.onexit (node:internal/child_process:291:12)
2024-01-24 10:34:56.907 [error] Error: Git error
	at ChildProcess.<anonymous> (/home/sezuel/.vscode-server/bin/8b3775030ed1a69b13e4f4c628c612102e30a681/extensions/git/dist/main.js:2:990935)
	at ChildProcess.emit (node:events:525:35)
	at ChildProcess._handle.onexit (node:internal/child_process:291:12)
2024-01-24 10:34:56.907 [error] Error: Git error
	at ChildProcess.<anonymous> (/home/sezuel/.vscode-server/bin/8b3775030ed1a69b13e4f4c628c612102e30a681/extensions/git/dist/main.js:2:990935)
	at ChildProcess.emit (node:events:525:35)
	at ChildProcess._handle.onexit (node:internal/child_process:291:12)
2024-01-24 10:34:56.907 [error] Error: Git error
	at ChildProcess.<anonymous> (/home/sezuel/.vscode-server/bin/8b3775030ed1a69b13e4f4c628c612102e30a681/extensions/git/dist/main.js:2:990935)
	at ChildProcess.emit (node:events:525:35)
	at ChildProcess._handle.onexit (node:internal/child_process:291:12)
2024-01-24 10:34:56.907 [error] Error: Git error
	at ChildProcess.<anonymous> (/home/sezuel/.vscode-server/bin/8b3775030ed1a69b13e4f4c628c612102e30a681/extensions/git/dist/main.js:2:990935)
	at ChildProcess.emit (node:events:525:35)
	at ChildProcess._handle.onexit (node:internal/child_process:291:12)
2024-01-24 10:34:56.907 [error] Error: Git error
	at ChildProcess.<anonymous> (/home/sezuel/.vscode-server/bin/8b3775030ed1a69b13e4f4c628c612102e30a681/extensions/git/dist/main.js:2:990935)
	at ChildProcess.emit (node:events:525:35)
	at ChildProcess._handle.onexit (node:internal/child_process:291:12)
2024-01-24 10:34:57.909 [error] Error: Git error
	at ChildProcess.<anonymous> (/home/sezuel/.vscode-server/bin/8b3775030ed1a69b13e4f4c628c612102e30a681/extensions/git/dist/main.js:2:990935)
	at ChildProcess.emit (node:events:525:35)
	at ChildProcess._handle.onexit (node:internal/child_process:291:12)
2024-01-24 10:34:57.910 [error] Error: Git error
	at ChildProcess.<anonymous> (/home/sezuel/.vscode-server/bin/8b3775030ed1a69b13e4f4c628c612102e30a681/extensions/git/dist/main.js:2:990935)
	at ChildProcess.emit (node:events:525:35)
	at ChildProcess._handle.onexit (node:internal/child_process:291:12)
2024-01-24 10:34:57.910 [error] Error: Git error
	at ChildProcess.<anonymous> (/home/sezuel/.vscode-server/bin/8b3775030ed1a69b13e4f4c628c612102e30a681/extensions/git/dist/main.js:2:990935)
	at ChildProcess.emit (node:events:525:35)
	at ChildProcess._handle.onexit (node:internal/child_process:291:12)
2024-01-24 10:34:57.910 [error] Error: Git error
	at ChildProcess.<anonymous> (/home/sezuel/.vscode-server/bin/8b3775030ed1a69b13e4f4c628c612102e30a681/extensions/git/dist/main.js:2:990935)
	at ChildProcess.emit (node:events:525:35)
	at ChildProcess._handle.onexit (node:internal/child_process:291:12)
2024-01-24 10:34:57.911 [error] Error: Git error
	at ChildProcess.<anonymous> (/home/sezuel/.vscode-server/bin/8b3775030ed1a69b13e4f4c628c612102e30a681/extensions/git/dist/main.js:2:990935)
	at ChildProcess.emit (node:events:525:35)
	at ChildProcess._handle.onexit (node:internal/child_process:291:12)
2024-01-24 10:34:57.911 [error] Error: Git error
	at ChildProcess.<anonymous> (/home/sezuel/.vscode-server/bin/8b3775030ed1a69b13e4f4c628c612102e30a681/extensions/git/dist/main.js:2:990935)
	at ChildProcess.emit (node:events:525:35)
	at ChildProcess._handle.onexit (node:internal/child_process:291:12)
2024-01-24 10:34:57.911 [error] Error: Git error
	at ChildProcess.<anonymous> (/home/sezuel/.vscode-server/bin/8b3775030ed1a69b13e4f4c628c612102e30a681/extensions/git/dist/main.js:2:990935)
	at ChildProcess.emit (node:events:525:35)
	at ChildProcess._handle.onexit (node:internal/child_process:291:12)
2024-01-24 10:34:57.911 [error] Error: Git error
	at ChildProcess.<anonymous> (/home/sezuel/.vscode-server/bin/8b3775030ed1a69b13e4f4c628c612102e30a681/extensions/git/dist/main.js:2:990935)
	at ChildProcess.emit (node:events:525:35)
	at ChildProcess._handle.onexit (node:internal/child_process:291:12)
2024-01-24 10:34:57.912 [error] Error: Git error
	at ChildProcess.<anonymous> (/home/sezuel/.vscode-server/bin/8b3775030ed1a69b13e4f4c628c612102e30a681/extensions/git/dist/main.js:2:990935)
	at ChildProcess.emit (node:events:525:35)
	at ChildProcess._handle.onexit (node:internal/child_process:291:12)
2024-01-24 10:34:57.912 [error] Error: Git error
	at ChildProcess.<anonymous> (/home/sezuel/.vscode-server/bin/8b3775030ed1a69b13e4f4c628c612102e30a681/extensions/git/dist/main.js:2:990935)
	at ChildProcess.emit (node:events:525:35)
	at ChildProcess._handle.onexit (node:internal/child_process:291:12)
2024-01-24 10:38:34.844 [info] ExtensionService#_doActivateExtension vscode.npm, startup: false, activationEvent: 'onTerminalQuickFixRequest:ms-vscode.npm-command'
2024-01-24 10:59:55.839 [error] [ms-python.python] provider FAILED
2024-01-24 10:59:55.840 [error] TypeError: Cannot read properties of undefined (reading 'data')
	at /home/sezuel/.vscode-server/extensions/ms-python.vscode-pylance-2023.12.1/dist/extension.bundle.js:1:139672
	at _0x1be708 (/home/sezuel/.vscode-server/extensions/ms-python.vscode-pylance-2023.12.1/dist/extension.bundle.js:1:152856)
	at async we.provideCompletionItems (/home/sezuel/.vscode-server/bin/8b3775030ed1a69b13e4f4c628c612102e30a681/out/vs/workbench/api/node/extensionHostProcess.js:143:53055)
2024-01-24 11:21:22.304 [error] [ms-python.python] provider FAILED
2024-01-24 11:21:22.304 [error] TypeError: Cannot read properties of undefined (reading 'data')
	at /home/sezuel/.vscode-server/extensions/ms-python.vscode-pylance-2023.12.1/dist/extension.bundle.js:1:139672
	at _0x1be708 (/home/sezuel/.vscode-server/extensions/ms-python.vscode-pylance-2023.12.1/dist/extension.bundle.js:1:152856)
	at async we.provideCompletionItems (/home/sezuel/.vscode-server/bin/8b3775030ed1a69b13e4f4c628c612102e30a681/out/vs/workbench/api/node/extensionHostProcess.js:143:53055)
2024-01-24 13:01:16.711 [error] [ms-python.python] provider FAILED
2024-01-24 13:01:16.711 [error] TypeError: Cannot read properties of undefined (reading 'data')
	at /home/sezuel/.vscode-server/extensions/ms-python.vscode-pylance-2023.12.1/dist/extension.bundle.js:1:139672
	at _0x1be708 (/home/sezuel/.vscode-server/extensions/ms-python.vscode-pylance-2023.12.1/dist/extension.bundle.js:1:152856)
	at async we.provideCompletionItems (/home/sezuel/.vscode-server/bin/8b3775030ed1a69b13e4f4c628c612102e30a681/out/vs/workbench/api/node/extensionHostProcess.js:143:53055)
