2023-11-02 11:51:42.898 [info] Log level: Info
2023-11-02 11:51:42.898 [info] Validating found git in: "git"
2023-11-02 11:51:42.898 [info] Using git "2.34.1" from "git"
2023-11-02 11:51:42.898 [info] > git rev-parse --show-toplevel [3ms]
2023-11-02 11:51:42.898 [info] > git rev-parse --git-dir --git-common-dir [2ms]
2023-11-02 11:51:42.898 [info] Open repository: /home/sezuel/workspace/github.com/Sezuel/bookbot
2023-11-02 11:51:42.899 [info] > git config --get commit.template [1ms]
2023-11-02 11:51:42.903 [info] > git for-each-ref --format=%(refname)%00%(upstream:short)%00%(objectname)%00%(upstream:track)%00%(upstream:remotename)%00%(upstream:remoteref) refs/heads/main refs/remotes/main [1ms]
2023-11-02 11:51:42.908 [info] > git status -z -uall [2ms]
2023-11-02 11:51:42.920 [info] > git config --get commit.template [4ms]
2023-11-02 11:51:42.924 [info] > git for-each-ref --format=%(refname)%00%(upstream:short)%00%(objectname)%00%(upstream:track)%00%(upstream:remotename)%00%(upstream:remoteref) refs/heads/main refs/remotes/main [1ms]
2023-11-02 11:51:42.928 [info] > git status -z -uall [1ms]
2023-11-02 11:51:43.412 [info] > git check-ignore -v -z --stdin [1ms]
2023-11-02 11:52:22.498 [info] > git show --textconv :README.md [5ms]
2023-11-02 11:52:22.498 [info] > git ls-files --stage -- /home/sezuel/workspace/github.com/Sezuel/bookbot/README.md [1ms]
2023-11-02 11:52:22.503 [info] > git cat-file -s ea1e36c41fb9e71cfd39490a6dbd725ae01e5c55 [2ms]
2023-11-02 11:52:47.979 [info] > git config --get commit.template [3ms]
2023-11-02 11:52:47.980 [info] > git for-each-ref --format=%(refname)%00%(upstream:short)%00%(objectname)%00%(upstream:track)%00%(upstream:remotename)%00%(upstream:remoteref) refs/heads/main refs/remotes/main [2ms]
2023-11-02 11:52:47.983 [info] > git status -z -uall [0ms]
2023-11-02 11:53:08.236 [info] > git show --textconv HEAD:README.md [5ms]
2023-11-02 11:53:08.237 [info] > git ls-tree -l HEAD -- /home/sezuel/workspace/github.com/Sezuel/bookbot/README.md [1ms]
2023-11-02 11:53:40.573 [info] > git config --get commit.template [0ms]
2023-11-02 11:53:40.577 [info] > git for-each-ref --format=%(refname)%00%(upstream:short)%00%(objectname)%00%(upstream:track)%00%(upstream:remotename)%00%(upstream:remoteref) refs/heads/main refs/remotes/main [0ms]
2023-11-02 11:53:40.581 [info] > git status -z -uall [1ms]
2023-11-02 11:53:40.675 [info] > git ls-files --stage -- /home/sezuel/workspace/github.com/Sezuel/bookbot/README.md [1ms]
2023-11-02 11:53:40.678 [info] > git cat-file -s 9b9552868d8d01091ce86f1cb7204ae19b55a9ea [1ms]
2023-11-02 11:53:40.688 [info] > git show --textconv :README.md [2ms]
2023-11-02 11:53:45.592 [info] > git config --get commit.template [4ms]
2023-11-02 11:53:45.592 [info] > git for-each-ref --format=%(refname)%00%(upstream:short)%00%(objectname)%00%(upstream:track)%00%(upstream:remotename)%00%(upstream:remoteref) refs/heads/main refs/remotes/main [1ms]
2023-11-02 11:53:45.597 [info] > git status -z -uall [1ms]
2023-11-02 11:54:01.067 [info] > git config --get commit.template [4ms]
2023-11-02 11:54:01.068 [info] > git for-each-ref --format=%(refname)%00%(upstream:short)%00%(objectname)%00%(upstream:track)%00%(upstream:remotename)%00%(upstream:remoteref) refs/heads/main refs/remotes/main [1ms]
2023-11-02 11:54:01.072 [info] > git status -z -uall [1ms]
2023-11-02 11:54:01.166 [info] > git ls-tree -l HEAD -- /home/sezuel/workspace/github.com/Sezuel/bookbot/README.md [1ms]
2023-11-02 11:54:01.173 [info] > git show --textconv HEAD:README.md [0ms]
2023-11-02 11:54:06.085 [info] > git config --get commit.template [4ms]
2023-11-02 11:54:06.085 [info] > git for-each-ref --format=%(refname)%00%(upstream:short)%00%(objectname)%00%(upstream:track)%00%(upstream:remotename)%00%(upstream:remoteref) refs/heads/main refs/remotes/main [1ms]
2023-11-02 11:54:06.090 [info] > git status -z -uall [1ms]
2023-11-02 11:54:14.828 [info] > git config --get commit.template [1ms]
2023-11-02 11:54:14.832 [info] > git for-each-ref --format=%(refname)%00%(upstream:short)%00%(objectname)%00%(upstream:track)%00%(upstream:remotename)%00%(upstream:remoteref) refs/heads/main refs/remotes/main [1ms]
2023-11-02 11:54:14.835 [info] > git status -z -uall [0ms]
2023-11-02 11:54:14.930 [info] > git ls-tree -l HEAD -- /home/sezuel/workspace/github.com/Sezuel/bookbot/README.md [2ms]
2023-11-02 11:54:14.938 [info] > git show --textconv HEAD:README.md [1ms]
2023-11-02 11:54:19.844 [info] > git config --get commit.template [1ms]
2023-11-02 11:54:19.849 [info] > git for-each-ref --format=%(refname)%00%(upstream:short)%00%(objectname)%00%(upstream:track)%00%(upstream:remotename)%00%(upstream:remoteref) refs/heads/main refs/remotes/main [1ms]
2023-11-02 11:54:19.853 [info] > git status -z -uall [1ms]
2023-11-02 11:54:59.999 [info] > git ls-tree -l HEAD -- /home/sezuel/workspace/github.com/Sezuel/bookbot/README.md [2ms]
