2024-01-23 10:56:09.422 [info] Log level: Info
2024-01-23 10:56:09.422 [info] Validating found git in: "git"
2024-01-23 10:56:09.422 [info] Using git "2.34.1" from "git"
2024-01-23 10:56:09.422 [info] > git rev-parse --show-toplevel [6ms]
2024-01-23 10:56:09.422 [info] > git rev-parse --git-dir --git-common-dir [1ms]
2024-01-23 10:56:09.422 [info] Open repository: /home/sezuel/workspace/github.com/Sezuel/bookbot
2024-01-23 10:56:09.460 [info] > git rev-parse --show-toplevel [31ms]
2024-01-23 10:56:09.465 [info] > git config --get commit.template [38ms]
2024-01-23 10:56:09.478 [info] > git for-each-ref --format=%(refname)%00%(upstream:short)%00%(objectname)%00%(upstream:track)%00%(upstream:remotename)%00%(upstream:remoteref) refs/heads/main refs/remotes/main [5ms]
2024-01-23 10:56:09.488 [info] > git status -z -uall [4ms]
2024-01-23 10:56:09.502 [info] > git config --get commit.template [1ms]
2024-01-23 10:56:09.509 [info] > git for-each-ref --format=%(refname)%00%(upstream:short)%00%(objectname)%00%(upstream:track)%00%(upstream:remotename)%00%(upstream:remoteref) refs/heads/main refs/remotes/main [2ms]
2024-01-23 10:56:09.518 [info] > git status -z -uall [5ms]
2024-01-23 10:56:09.939 [info] > git check-ignore -v -z --stdin [0ms]
2024-01-23 10:56:10.043 [info] > git show --textconv :testing.py [5ms]
2024-01-23 10:56:10.043 [info] > git ls-files --stage -- /home/sezuel/workspace/github.com/Sezuel/bookbot/testing.py [2ms]
2024-01-23 10:57:36.894 [info] > git show --textconv :Mazesolver.py [3ms]
2024-01-23 10:57:36.894 [info] > git ls-files --stage -- /home/sezuel/workspace/github.com/Sezuel/bookbot/Mazesolver.py [1ms]
2024-01-23 10:57:37.166 [info] > git check-ignore -v -z --stdin [1ms]
2024-01-23 10:57:37.725 [info] > git config --get commit.template [3ms]
2024-01-23 10:57:37.725 [info] > git for-each-ref --format=%(refname)%00%(upstream:short)%00%(objectname)%00%(upstream:track)%00%(upstream:remotename)%00%(upstream:remoteref) refs/heads/main refs/remotes/main [1ms]
2024-01-23 10:57:37.728 [info] > git status -z -uall [0ms]
2024-01-23 10:58:09.432 [info] > git show --textconv :testing.py [2ms]
2024-01-23 10:58:09.433 [info] > git ls-files --stage -- /home/sezuel/workspace/github.com/Sezuel/bookbot/testing.py [1ms]
2024-01-23 10:58:10.150 [info] > git show --textconv :Mazesolver.py [3ms]
2024-01-23 10:58:10.150 [info] > git ls-files --stage -- /home/sezuel/workspace/github.com/Sezuel/bookbot/Mazesolver.py [1ms]
2024-01-23 10:58:15.725 [info] > git config --get commit.template [3ms]
2024-01-23 10:58:15.725 [info] > git for-each-ref --format=%(refname)%00%(upstream:short)%00%(objectname)%00%(upstream:track)%00%(upstream:remotename)%00%(upstream:remoteref) refs/heads/main refs/remotes/main [1ms]
2024-01-23 10:58:15.729 [info] > git status -z -uall [0ms]
2024-01-23 10:58:36.187 [info] > git check-ignore -v -z --stdin [1ms]
