2024-01-23 15:46:52.436 [info] Log level: Info
2024-01-23 15:46:52.436 [info] Validating found git in: "git"
2024-01-23 15:46:52.436 [info] Using git "2.34.1" from "git"
2024-01-23 15:46:52.436 [info] > git rev-parse --show-toplevel [1ms]
2024-01-23 15:46:52.436 [info] > git rev-parse --git-dir --git-common-dir [7ms]
2024-01-23 15:46:52.436 [info] Open repository: /home/sezuel
2024-01-23 15:46:52.455 [info] > git rev-parse --show-toplevel [5ms]
2024-01-23 15:46:52.456 [info] > git config --get commit.template [12ms]
2024-01-23 15:46:52.471 [info] No remotes found in the git config file.
2024-01-23 15:46:52.472 [info] > git rev-parse --show-toplevel [8ms]
2024-01-23 15:46:52.472 [info] > git for-each-ref --format=%(refname)%00%(upstream:short)%00%(objectname)%00%(upstream:track)%00%(upstream:remotename)%00%(upstream:remoteref) refs/heads/main refs/remotes/main [2ms]
2024-01-23 15:46:52.488 [info] > git rev-parse --show-toplevel [0ms]
2024-01-23 15:46:52.495 [info] > git rev-parse --git-dir --git-common-dir [0ms]
2024-01-23 15:46:52.500 [info] Open repository: /home/sezuel/workspace/github.com/Sezuel/bookbot
2024-01-23 15:46:52.517 [info] > git status -z -uall [39ms]
2024-01-23 15:46:52.517 [info] > git rev-parse --show-toplevel [4ms]
2024-01-23 15:46:52.520 [info] > git config --get commit.template [12ms]
2024-01-23 15:46:52.607 [info] > git config --get commit.template [12ms]
2024-01-23 15:46:52.611 [info] > git for-each-ref --format=%(refname)%00%(upstream:short)%00%(objectname)%00%(upstream:track)%00%(upstream:remotename)%00%(upstream:remoteref) refs/heads/main refs/remotes/main [5ms]
2024-01-23 15:46:52.618 [info] No remotes found in the git config file.
2024-01-23 15:46:52.619 [info] > git for-each-ref --format=%(refname)%00%(upstream:short)%00%(objectname)%00%(upstream:track)%00%(upstream:remotename)%00%(upstream:remoteref) refs/heads/main refs/remotes/main [1ms]
2024-01-23 15:46:52.635 [info] > git status -z -uall [1ms]
2024-01-23 15:46:52.647 [info] > git config --get commit.template [0ms]
2024-01-23 15:46:52.654 [info] > git for-each-ref --format=%(refname)%00%(upstream:short)%00%(objectname)%00%(upstream:track)%00%(upstream:remotename)%00%(upstream:remoteref) refs/heads/main refs/remotes/main [1ms]
2024-01-23 15:46:52.661 [info] > git status -z -uall [35ms]
2024-01-23 15:46:52.665 [info] > git status -z -uall [4ms]
2024-01-23 15:46:53.035 [info] > git show --textconv :workspace/github.com/Sezuel/mazesolver/maze.py [28ms]
2024-01-23 15:46:53.036 [info] > git check-ignore -v -z --stdin [9ms]
2024-01-23 15:46:53.039 [info] > git check-ignore -v -z --stdin [4ms]
2024-01-23 15:46:53.039 [info] > git ls-files --stage -- /home/sezuel/workspace/github.com/Sezuel/mazesolver/maze.py [23ms]
2024-01-23 15:46:58.513 [info] No remotes found in the git config file.
2024-01-23 15:46:58.514 [info] > git config --get commit.template [5ms]
2024-01-23 15:46:58.514 [info] > git for-each-ref --format=%(refname)%00%(upstream:short)%00%(objectname)%00%(upstream:track)%00%(upstream:remotename)%00%(upstream:remoteref) refs/heads/main refs/remotes/main [1ms]
2024-01-23 15:46:58.556 [info] > git status -z -uall [37ms]
2024-01-23 15:47:03.571 [info] No remotes found in the git config file.
2024-01-23 15:47:03.571 [info] > git config --get commit.template [5ms]
2024-01-23 15:47:03.572 [info] > git for-each-ref --format=%(refname)%00%(upstream:short)%00%(objectname)%00%(upstream:track)%00%(upstream:remotename)%00%(upstream:remoteref) refs/heads/main refs/remotes/main [1ms]
2024-01-23 15:47:03.603 [info] > git status -z -uall [26ms]
2024-01-23 15:47:08.617 [info] No remotes found in the git config file.
2024-01-23 15:47:08.617 [info] > git config --get commit.template [5ms]
2024-01-23 15:47:08.618 [info] > git for-each-ref --format=%(refname)%00%(upstream:short)%00%(objectname)%00%(upstream:track)%00%(upstream:remotename)%00%(upstream:remoteref) refs/heads/main refs/remotes/main [2ms]
2024-01-23 15:47:08.649 [info] > git status -z -uall [28ms]
2024-01-23 15:47:13.659 [info] > git config --get commit.template [0ms]
2024-01-23 15:47:13.663 [info] No remotes found in the git config file.
2024-01-23 15:47:13.663 [info] > git for-each-ref --format=%(refname)%00%(upstream:short)%00%(objectname)%00%(upstream:track)%00%(upstream:remotename)%00%(upstream:remoteref) refs/heads/main refs/remotes/main [0ms]
2024-01-23 15:47:13.695 [info] > git status -z -uall [28ms]
2024-01-23 15:47:18.709 [info] No remotes found in the git config file.
2024-01-23 15:47:18.709 [info] > git config --get commit.template [4ms]
2024-01-23 15:47:18.710 [info] > git for-each-ref --format=%(refname)%00%(upstream:short)%00%(objectname)%00%(upstream:track)%00%(upstream:remotename)%00%(upstream:remoteref) refs/heads/main refs/remotes/main [1ms]
2024-01-23 15:47:18.743 [info] > git status -z -uall [28ms]
2024-01-23 15:47:23.752 [info] > git config --get commit.template [1ms]
2024-01-23 15:47:23.756 [info] No remotes found in the git config file.
2024-01-23 15:47:23.757 [info] > git for-each-ref --format=%(refname)%00%(upstream:short)%00%(objectname)%00%(upstream:track)%00%(upstream:remotename)%00%(upstream:remoteref) refs/heads/main refs/remotes/main [1ms]
2024-01-23 15:47:23.785 [info] > git status -z -uall [26ms]
2024-01-23 15:47:28.795 [info] > git config --get commit.template [0ms]
2024-01-23 15:47:28.799 [info] No remotes found in the git config file.
2024-01-23 15:47:28.799 [info] > git for-each-ref --format=%(refname)%00%(upstream:short)%00%(objectname)%00%(upstream:track)%00%(upstream:remotename)%00%(upstream:remoteref) refs/heads/main refs/remotes/main [1ms]
2024-01-23 15:47:28.828 [info] > git status -z -uall [26ms]
2024-01-23 15:47:33.838 [info] > git config --get commit.template [1ms]
2024-01-23 15:47:33.843 [info] No remotes found in the git config file.
2024-01-23 15:47:33.844 [info] > git for-each-ref --format=%(refname)%00%(upstream:short)%00%(objectname)%00%(upstream:track)%00%(upstream:remotename)%00%(upstream:remoteref) refs/heads/main refs/remotes/main [1ms]
2024-01-23 15:47:33.874 [info] > git status -z -uall [26ms]
2024-01-23 15:47:38.886 [info] > git config --get commit.template [3ms]
2024-01-23 15:47:38.886 [info] No remotes found in the git config file.
2024-01-23 15:47:38.886 [info] > git for-each-ref --format=%(refname)%00%(upstream:short)%00%(objectname)%00%(upstream:track)%00%(upstream:remotename)%00%(upstream:remoteref) refs/heads/main refs/remotes/main [1ms]
2024-01-23 15:47:38.914 [info] > git status -z -uall [25ms]
2024-01-23 15:47:43.928 [info] > git config --get commit.template [5ms]
2024-01-23 15:47:43.929 [info] No remotes found in the git config file.
2024-01-23 15:47:43.929 [info] > git for-each-ref --format=%(refname)%00%(upstream:short)%00%(objectname)%00%(upstream:track)%00%(upstream:remotename)%00%(upstream:remoteref) refs/heads/main refs/remotes/main [1ms]
2024-01-23 15:47:43.960 [info] > git status -z -uall [26ms]
2024-01-23 15:47:48.973 [info] No remotes found in the git config file.
2024-01-23 15:47:48.973 [info] > git config --get commit.template [4ms]
2024-01-23 15:47:48.973 [info] > git for-each-ref --format=%(refname)%00%(upstream:short)%00%(objectname)%00%(upstream:track)%00%(upstream:remotename)%00%(upstream:remoteref) refs/heads/main refs/remotes/main [0ms]
2024-01-23 15:47:49.002 [info] > git status -z -uall [26ms]
2024-01-23 15:47:54.015 [info] No remotes found in the git config file.
2024-01-23 15:47:54.015 [info] > git config --get commit.template [5ms]
2024-01-23 15:47:54.015 [info] > git for-each-ref --format=%(refname)%00%(upstream:short)%00%(objectname)%00%(upstream:track)%00%(upstream:remotename)%00%(upstream:remoteref) refs/heads/main refs/remotes/main [0ms]
2024-01-23 15:47:54.045 [info] > git status -z -uall [26ms]
2024-01-23 15:47:59.057 [info] No remotes found in the git config file.
2024-01-23 15:47:59.057 [info] > git config --get commit.template [4ms]
2024-01-23 15:47:59.058 [info] > git for-each-ref --format=%(refname)%00%(upstream:short)%00%(objectname)%00%(upstream:track)%00%(upstream:remotename)%00%(upstream:remoteref) refs/heads/main refs/remotes/main [1ms]
2024-01-23 15:47:59.086 [info] > git status -z -uall [25ms]
2024-01-23 15:48:04.096 [info] > git config --get commit.template [1ms]
2024-01-23 15:48:04.100 [info] No remotes found in the git config file.
2024-01-23 15:48:04.101 [info] > git for-each-ref --format=%(refname)%00%(upstream:short)%00%(objectname)%00%(upstream:track)%00%(upstream:remotename)%00%(upstream:remoteref) refs/heads/main refs/remotes/main [0ms]
2024-01-23 15:48:04.130 [info] > git status -z -uall [25ms]
2024-01-23 15:48:09.143 [info] No remotes found in the git config file.
2024-01-23 15:48:09.143 [info] > git config --get commit.template [6ms]
2024-01-23 15:48:09.143 [info] > git for-each-ref --format=%(refname)%00%(upstream:short)%00%(objectname)%00%(upstream:track)%00%(upstream:remotename)%00%(upstream:remoteref) refs/heads/main refs/remotes/main [1ms]
2024-01-23 15:48:09.176 [info] > git status -z -uall [28ms]
2024-01-23 15:48:14.189 [info] No remotes found in the git config file.
2024-01-23 15:48:14.189 [info] > git config --get commit.template [5ms]
2024-01-23 15:48:14.189 [info] > git for-each-ref --format=%(refname)%00%(upstream:short)%00%(objectname)%00%(upstream:track)%00%(upstream:remotename)%00%(upstream:remoteref) refs/heads/main refs/remotes/main [1ms]
2024-01-23 15:48:14.218 [info] > git status -z -uall [25ms]
2024-01-23 15:48:19.230 [info] > git config --get commit.template [4ms]
2024-01-23 15:48:19.230 [info] No remotes found in the git config file.
2024-01-23 15:48:19.230 [info] > git for-each-ref --format=%(refname)%00%(upstream:short)%00%(objectname)%00%(upstream:track)%00%(upstream:remotename)%00%(upstream:remoteref) refs/heads/main refs/remotes/main [1ms]
2024-01-23 15:48:19.259 [info] > git status -z -uall [25ms]
2024-01-23 15:48:24.273 [info] > git config --get commit.template [5ms]
2024-01-23 15:48:24.273 [info] No remotes found in the git config file.
2024-01-23 15:48:24.273 [info] > git for-each-ref --format=%(refname)%00%(upstream:short)%00%(objectname)%00%(upstream:track)%00%(upstream:remotename)%00%(upstream:remoteref) refs/heads/main refs/remotes/main [1ms]
2024-01-23 15:48:24.304 [info] > git status -z -uall [27ms]
2024-01-23 15:48:29.315 [info] > git config --get commit.template [4ms]
2024-01-23 15:48:29.315 [info] No remotes found in the git config file.
2024-01-23 15:48:29.315 [info] > git for-each-ref --format=%(refname)%00%(upstream:short)%00%(objectname)%00%(upstream:track)%00%(upstream:remotename)%00%(upstream:remoteref) refs/heads/main refs/remotes/main [0ms]
2024-01-23 15:48:29.344 [info] > git status -z -uall [25ms]
2024-01-23 15:48:34.358 [info] No remotes found in the git config file.
2024-01-23 15:48:34.359 [info] > git config --get commit.template [6ms]
2024-01-23 15:48:34.359 [info] > git for-each-ref --format=%(refname)%00%(upstream:short)%00%(objectname)%00%(upstream:track)%00%(upstream:remotename)%00%(upstream:remoteref) refs/heads/main refs/remotes/main [1ms]
2024-01-23 15:48:34.389 [info] > git status -z -uall [26ms]
2024-01-23 15:48:39.401 [info] > git config --get commit.template [4ms]
2024-01-23 15:48:39.401 [info] No remotes found in the git config file.
2024-01-23 15:48:39.402 [info] > git for-each-ref --format=%(refname)%00%(upstream:short)%00%(objectname)%00%(upstream:track)%00%(upstream:remotename)%00%(upstream:remoteref) refs/heads/main refs/remotes/main [1ms]
2024-01-23 15:48:39.430 [info] > git status -z -uall [25ms]
2024-01-23 15:48:44.443 [info] No remotes found in the git config file.
2024-01-23 15:48:44.443 [info] > git config --get commit.template [4ms]
2024-01-23 15:48:44.443 [info] > git for-each-ref --format=%(refname)%00%(upstream:short)%00%(objectname)%00%(upstream:track)%00%(upstream:remotename)%00%(upstream:remoteref) refs/heads/main refs/remotes/main [0ms]
2024-01-23 15:48:44.472 [info] > git status -z -uall [24ms]
2024-01-23 15:48:49.484 [info] No remotes found in the git config file.
2024-01-23 15:48:49.484 [info] > git config --get commit.template [4ms]
2024-01-23 15:48:49.484 [info] > git for-each-ref --format=%(refname)%00%(upstream:short)%00%(objectname)%00%(upstream:track)%00%(upstream:remotename)%00%(upstream:remoteref) refs/heads/main refs/remotes/main [0ms]
2024-01-23 15:48:49.512 [info] > git status -z -uall [25ms]
2024-01-23 15:48:54.525 [info] No remotes found in the git config file.
2024-01-23 15:48:54.525 [info] > git config --get commit.template [4ms]
2024-01-23 15:48:54.525 [info] > git for-each-ref --format=%(refname)%00%(upstream:short)%00%(objectname)%00%(upstream:track)%00%(upstream:remotename)%00%(upstream:remoteref) refs/heads/main refs/remotes/main [0ms]
2024-01-23 15:48:54.555 [info] > git status -z -uall [25ms]
2024-01-23 15:48:59.567 [info] No remotes found in the git config file.
2024-01-23 15:48:59.568 [info] > git config --get commit.template [4ms]
2024-01-23 15:48:59.568 [info] > git for-each-ref --format=%(refname)%00%(upstream:short)%00%(objectname)%00%(upstream:track)%00%(upstream:remotename)%00%(upstream:remoteref) refs/heads/main refs/remotes/main [1ms]
2024-01-23 15:48:59.597 [info] > git status -z -uall [25ms]
2024-01-23 15:49:04.609 [info] No remotes found in the git config file.
2024-01-23 15:49:04.609 [info] > git config --get commit.template [4ms]
2024-01-23 15:49:04.609 [info] > git for-each-ref --format=%(refname)%00%(upstream:short)%00%(objectname)%00%(upstream:track)%00%(upstream:remotename)%00%(upstream:remoteref) refs/heads/main refs/remotes/main [1ms]
2024-01-23 15:49:04.637 [info] > git status -z -uall [24ms]
2024-01-23 15:49:09.649 [info] > git config --get commit.template [4ms]
2024-01-23 15:49:09.649 [info] No remotes found in the git config file.
2024-01-23 15:49:09.649 [info] > git for-each-ref --format=%(refname)%00%(upstream:short)%00%(objectname)%00%(upstream:track)%00%(upstream:remotename)%00%(upstream:remoteref) refs/heads/main refs/remotes/main [0ms]
2024-01-23 15:49:09.678 [info] > git status -z -uall [25ms]
2024-01-23 15:49:14.690 [info] No remotes found in the git config file.
2024-01-23 15:49:14.690 [info] > git config --get commit.template [4ms]
2024-01-23 15:49:14.690 [info] > git for-each-ref --format=%(refname)%00%(upstream:short)%00%(objectname)%00%(upstream:track)%00%(upstream:remotename)%00%(upstream:remoteref) refs/heads/main refs/remotes/main [0ms]
2024-01-23 15:49:14.719 [info] > git status -z -uall [25ms]
2024-01-23 15:49:19.728 [info] > git config --get commit.template [0ms]
2024-01-23 15:49:19.734 [info] No remotes found in the git config file.
2024-01-23 15:49:19.734 [info] > git for-each-ref --format=%(refname)%00%(upstream:short)%00%(objectname)%00%(upstream:track)%00%(upstream:remotename)%00%(upstream:remoteref) refs/heads/main refs/remotes/main [0ms]
2024-01-23 15:49:19.764 [info] > git status -z -uall [26ms]
2024-01-23 15:49:24.774 [info] > git config --get commit.template [1ms]
2024-01-23 15:49:24.780 [info] No remotes found in the git config file.
2024-01-23 15:49:24.780 [info] > git for-each-ref --format=%(refname)%00%(upstream:short)%00%(objectname)%00%(upstream:track)%00%(upstream:remotename)%00%(upstream:remoteref) refs/heads/main refs/remotes/main [0ms]
2024-01-23 15:49:24.815 [info] > git status -z -uall [29ms]
2024-01-23 15:49:51.215 [info] No remotes found in the git config file.
2024-01-23 15:49:51.215 [info] > git config --get commit.template [7ms]
2024-01-23 15:49:51.216 [info] > git for-each-ref --format=%(refname)%00%(upstream:short)%00%(objectname)%00%(upstream:track)%00%(upstream:remotename)%00%(upstream:remoteref) refs/heads/main refs/remotes/main [1ms]
2024-01-23 15:49:51.247 [info] > git status -z -uall [27ms]
2024-01-23 15:49:57.065 [info] No remotes found in the git config file.
2024-01-23 15:49:57.066 [info] > git config --get commit.template [7ms]
2024-01-23 15:49:57.066 [info] > git for-each-ref --format=%(refname)%00%(upstream:short)%00%(objectname)%00%(upstream:track)%00%(upstream:remotename)%00%(upstream:remoteref) refs/heads/main refs/remotes/main [1ms]
2024-01-23 15:49:57.098 [info] > git status -z -uall [27ms]
2024-01-23 15:50:02.107 [info] > git config --get commit.template [1ms]
2024-01-23 15:50:02.110 [info] No remotes found in the git config file.
2024-01-23 15:50:02.111 [info] > git for-each-ref --format=%(refname)%00%(upstream:short)%00%(objectname)%00%(upstream:track)%00%(upstream:remotename)%00%(upstream:remoteref) refs/heads/main refs/remotes/main [1ms]
2024-01-23 15:50:02.139 [info] > git status -z -uall [25ms]
2024-01-23 15:50:07.148 [info] > git config --get commit.template [2ms]
2024-01-23 15:50:07.152 [info] No remotes found in the git config file.
2024-01-23 15:50:07.153 [info] > git for-each-ref --format=%(refname)%00%(upstream:short)%00%(objectname)%00%(upstream:track)%00%(upstream:remotename)%00%(upstream:remoteref) refs/heads/main refs/remotes/main [0ms]
2024-01-23 15:50:07.184 [info] > git status -z -uall [27ms]
2024-01-23 15:50:12.195 [info] > git config --get commit.template [4ms]
2024-01-23 15:50:12.195 [info] No remotes found in the git config file.
2024-01-23 15:50:12.196 [info] > git for-each-ref --format=%(refname)%00%(upstream:short)%00%(objectname)%00%(upstream:track)%00%(upstream:remotename)%00%(upstream:remoteref) refs/heads/main refs/remotes/main [1ms]
2024-01-23 15:50:12.224 [info] > git status -z -uall [25ms]
2024-01-23 15:50:17.235 [info] No remotes found in the git config file.
2024-01-23 15:50:17.235 [info] > git config --get commit.template [4ms]
2024-01-23 15:50:17.235 [info] > git for-each-ref --format=%(refname)%00%(upstream:short)%00%(objectname)%00%(upstream:track)%00%(upstream:remotename)%00%(upstream:remoteref) refs/heads/main refs/remotes/main [0ms]
2024-01-23 15:50:17.267 [info] > git status -z -uall [28ms]
2024-01-23 15:50:22.279 [info] > git config --get commit.template [4ms]
2024-01-23 15:50:22.279 [info] No remotes found in the git config file.
2024-01-23 15:50:22.279 [info] > git for-each-ref --format=%(refname)%00%(upstream:short)%00%(objectname)%00%(upstream:track)%00%(upstream:remotename)%00%(upstream:remoteref) refs/heads/main refs/remotes/main [1ms]
2024-01-23 15:50:22.308 [info] > git status -z -uall [26ms]
2024-01-23 15:50:27.321 [info] No remotes found in the git config file.
2024-01-23 15:50:27.321 [info] > git config --get commit.template [4ms]
2024-01-23 15:50:27.321 [info] > git for-each-ref --format=%(refname)%00%(upstream:short)%00%(objectname)%00%(upstream:track)%00%(upstream:remotename)%00%(upstream:remoteref) refs/heads/main refs/remotes/main [0ms]
2024-01-23 15:50:27.353 [info] > git status -z -uall [26ms]
2024-01-23 15:50:32.365 [info] > git config --get commit.template [3ms]
2024-01-23 15:50:32.365 [info] No remotes found in the git config file.
2024-01-23 15:50:32.365 [info] > git for-each-ref --format=%(refname)%00%(upstream:short)%00%(objectname)%00%(upstream:track)%00%(upstream:remotename)%00%(upstream:remoteref) refs/heads/main refs/remotes/main [1ms]
2024-01-23 15:50:32.393 [info] > git status -z -uall [25ms]
2024-01-23 15:50:37.404 [info] > git config --get commit.template [4ms]
2024-01-23 15:50:37.404 [info] No remotes found in the git config file.
2024-01-23 15:50:37.404 [info] > git for-each-ref --format=%(refname)%00%(upstream:short)%00%(objectname)%00%(upstream:track)%00%(upstream:remotename)%00%(upstream:remoteref) refs/heads/main refs/remotes/main [0ms]
2024-01-23 15:50:37.434 [info] > git status -z -uall [27ms]
2024-01-23 15:50:42.445 [info] > git config --get commit.template [2ms]
2024-01-23 15:50:42.450 [info] No remotes found in the git config file.
2024-01-23 15:50:42.450 [info] > git for-each-ref --format=%(refname)%00%(upstream:short)%00%(objectname)%00%(upstream:track)%00%(upstream:remotename)%00%(upstream:remoteref) refs/heads/main refs/remotes/main [0ms]
2024-01-23 15:50:42.481 [info] > git status -z -uall [26ms]
2024-01-23 15:50:47.494 [info] > git config --get commit.template [4ms]
2024-01-23 15:50:47.494 [info] No remotes found in the git config file.
2024-01-23 15:50:47.495 [info] > git for-each-ref --format=%(refname)%00%(upstream:short)%00%(objectname)%00%(upstream:track)%00%(upstream:remotename)%00%(upstream:remoteref) refs/heads/main refs/remotes/main [1ms]
2024-01-23 15:50:47.524 [info] > git status -z -uall [26ms]
2024-01-23 15:50:52.536 [info] No remotes found in the git config file.
2024-01-23 15:50:52.536 [info] > git config --get commit.template [5ms]
2024-01-23 15:50:52.537 [info] > git for-each-ref --format=%(refname)%00%(upstream:short)%00%(objectname)%00%(upstream:track)%00%(upstream:remotename)%00%(upstream:remoteref) refs/heads/main refs/remotes/main [1ms]
2024-01-23 15:50:52.567 [info] > git status -z -uall [26ms]
2024-01-23 15:50:57.578 [info] No remotes found in the git config file.
2024-01-23 15:50:57.578 [info] > git config --get commit.template [4ms]
2024-01-23 15:50:57.578 [info] > git for-each-ref --format=%(refname)%00%(upstream:short)%00%(objectname)%00%(upstream:track)%00%(upstream:remotename)%00%(upstream:remoteref) refs/heads/main refs/remotes/main [0ms]
2024-01-23 15:50:57.607 [info] > git status -z -uall [25ms]
2024-01-23 15:51:02.620 [info] > git config --get commit.template [4ms]
2024-01-23 15:51:02.620 [info] No remotes found in the git config file.
2024-01-23 15:51:02.620 [info] > git for-each-ref --format=%(refname)%00%(upstream:short)%00%(objectname)%00%(upstream:track)%00%(upstream:remotename)%00%(upstream:remoteref) refs/heads/main refs/remotes/main [1ms]
2024-01-23 15:51:02.651 [info] > git status -z -uall [27ms]
2024-01-23 15:51:07.663 [info] No remotes found in the git config file.
2024-01-23 15:51:07.664 [info] > git config --get commit.template [5ms]
2024-01-23 15:51:07.664 [info] > git for-each-ref --format=%(refname)%00%(upstream:short)%00%(objectname)%00%(upstream:track)%00%(upstream:remotename)%00%(upstream:remoteref) refs/heads/main refs/remotes/main [1ms]
2024-01-23 15:51:07.695 [info] > git status -z -uall [27ms]
2024-01-23 15:51:12.704 [info] > git config --get commit.template [0ms]
2024-01-23 15:51:12.708 [info] No remotes found in the git config file.
2024-01-23 15:51:12.709 [info] > git for-each-ref --format=%(refname)%00%(upstream:short)%00%(objectname)%00%(upstream:track)%00%(upstream:remotename)%00%(upstream:remoteref) refs/heads/main refs/remotes/main [1ms]
2024-01-23 15:51:12.738 [info] > git status -z -uall [26ms]
2024-01-23 15:51:25.875 [info] > git config --get commit.template [1ms]
2024-01-23 15:51:25.881 [info] No remotes found in the git config file.
2024-01-23 15:51:25.881 [info] > git for-each-ref --format=%(refname)%00%(upstream:short)%00%(objectname)%00%(upstream:track)%00%(upstream:remotename)%00%(upstream:remoteref) refs/heads/main refs/remotes/main [0ms]
2024-01-23 15:51:25.914 [info] > git status -z -uall [28ms]
