2023-11-02 11:39:14.813 [info] Log level: Info
2023-11-02 11:39:14.813 [info] Validating found git in: "git"
2023-11-02 11:39:14.813 [info] Using git "2.34.1" from "git"
2023-11-02 11:39:14.813 [info] > git rev-parse --show-toplevel [3ms]
2023-11-02 11:39:14.813 [info] > git rev-parse --git-dir --git-common-dir [1ms]
2023-11-02 11:39:14.813 [info] Open repository: /home/sezuel
2023-11-02 11:39:14.849 [info] > git rev-parse --show-toplevel [28ms]
2023-11-02 11:39:14.850 [info] > git config --get commit.template [32ms]
2023-11-02 11:39:14.862 [info] No remotes found in the git config file.
2023-11-02 11:39:14.863 [info] > git rev-parse --show-toplevel [8ms]
2023-11-02 11:39:14.863 [info] > git for-each-ref --format=%(refname)%00%(upstream:short)%00%(objectname)%00%(upstream:track)%00%(upstream:remotename)%00%(upstream:remoteref) refs/heads/main refs/remotes/main [2ms]
2023-11-02 11:39:14.879 [info] > git rev-parse --show-toplevel [3ms]
2023-11-02 11:39:14.886 [info] > git status -z -uall [16ms]
2023-11-02 11:39:15.106 [info] > git rev-parse --show-toplevel [222ms]
2023-11-02 11:39:15.121 [info] > git config --get commit.template [20ms]
2023-11-02 11:39:15.121 [info] > git rev-parse --show-toplevel [8ms]
2023-11-02 11:39:15.128 [info] No remotes found in the git config file.
2023-11-02 11:39:15.129 [info] > git for-each-ref --format=%(refname)%00%(upstream:short)%00%(objectname)%00%(upstream:track)%00%(upstream:remotename)%00%(upstream:remoteref) refs/heads/main refs/remotes/main [1ms]
2023-11-02 11:39:15.138 [info] > git status -z -uall [6ms]
2023-11-02 11:39:15.409 [info] > git show --textconv :.bashrc [16ms]
2023-11-02 11:39:15.409 [info] > git check-ignore -v -z --stdin [7ms]
2023-11-02 11:39:15.410 [info] > git ls-files --stage -- /home/sezuel/.bashrc [13ms]
2023-11-02 11:39:19.549 [info] > git config --get commit.template [4ms]
2023-11-02 11:39:19.550 [info] No remotes found in the git config file.
2023-11-02 11:39:19.550 [info] > git for-each-ref --format=%(refname)%00%(upstream:short)%00%(objectname)%00%(upstream:track)%00%(upstream:remotename)%00%(upstream:remoteref) refs/heads/main refs/remotes/main [1ms]
2023-11-02 11:39:19.558 [info] > git status -z -uall [5ms]
2023-11-02 11:39:29.550 [info] No remotes found in the git config file.
2023-11-02 11:39:29.551 [info] > git config --get commit.template [4ms]
2023-11-02 11:39:29.551 [info] > git for-each-ref --format=%(refname)%00%(upstream:short)%00%(objectname)%00%(upstream:track)%00%(upstream:remotename)%00%(upstream:remoteref) refs/heads/main refs/remotes/main [1ms]
2023-11-02 11:39:29.559 [info] > git status -z -uall [5ms]
2023-11-02 11:39:36.547 [info] > git config --get commit.template [0ms]
2023-11-02 11:39:36.550 [info] No remotes found in the git config file.
2023-11-02 11:39:36.551 [info] > git for-each-ref --format=%(refname)%00%(upstream:short)%00%(objectname)%00%(upstream:track)%00%(upstream:remotename)%00%(upstream:remoteref) refs/heads/main refs/remotes/main [1ms]
2023-11-02 11:39:36.559 [info] > git status -z -uall [5ms]
2023-11-02 11:39:41.575 [info] No remotes found in the git config file.
2023-11-02 11:39:41.579 [info] > git config --get commit.template [3ms]
2023-11-02 11:39:41.579 [info] > git for-each-ref --format=%(refname)%00%(upstream:short)%00%(objectname)%00%(upstream:track)%00%(upstream:remotename)%00%(upstream:remoteref) refs/heads/main refs/remotes/main [1ms]
2023-11-02 11:39:41.587 [info] > git status -z -uall [5ms]
2023-11-02 11:39:46.607 [info] > git config --get commit.template [4ms]
2023-11-02 11:39:46.607 [info] No remotes found in the git config file.
2023-11-02 11:39:46.608 [info] > git for-each-ref --format=%(refname)%00%(upstream:short)%00%(objectname)%00%(upstream:track)%00%(upstream:remotename)%00%(upstream:remoteref) refs/heads/main refs/remotes/main [1ms]
2023-11-02 11:39:46.615 [info] > git status -z -uall [5ms]
2023-11-02 11:39:51.635 [info] No remotes found in the git config file.
2023-11-02 11:39:51.635 [info] > git config --get commit.template [4ms]
2023-11-02 11:39:51.635 [info] > git for-each-ref --format=%(refname)%00%(upstream:short)%00%(objectname)%00%(upstream:track)%00%(upstream:remotename)%00%(upstream:remoteref) refs/heads/main refs/remotes/main [1ms]
2023-11-02 11:39:51.643 [info] > git status -z -uall [5ms]
2023-11-02 11:39:56.662 [info] No remotes found in the git config file.
2023-11-02 11:39:56.663 [info] > git config --get commit.template [4ms]
2023-11-02 11:39:56.663 [info] > git for-each-ref --format=%(refname)%00%(upstream:short)%00%(objectname)%00%(upstream:track)%00%(upstream:remotename)%00%(upstream:remoteref) refs/heads/main refs/remotes/main [1ms]
2023-11-02 11:39:56.671 [info] > git status -z -uall [5ms]
2023-11-02 11:40:01.689 [info] > git config --get commit.template [0ms]
2023-11-02 11:40:01.692 [info] No remotes found in the git config file.
2023-11-02 11:40:01.692 [info] > git for-each-ref --format=%(refname)%00%(upstream:short)%00%(objectname)%00%(upstream:track)%00%(upstream:remotename)%00%(upstream:remoteref) refs/heads/main refs/remotes/main [0ms]
2023-11-02 11:40:01.701 [info] > git status -z -uall [5ms]
2023-11-02 11:40:06.721 [info] > git config --get commit.template [4ms]
2023-11-02 11:40:06.721 [info] No remotes found in the git config file.
2023-11-02 11:40:06.721 [info] > git for-each-ref --format=%(refname)%00%(upstream:short)%00%(objectname)%00%(upstream:track)%00%(upstream:remotename)%00%(upstream:remoteref) refs/heads/main refs/remotes/main [1ms]
2023-11-02 11:40:06.729 [info] > git status -z -uall [5ms]
2023-11-02 11:40:12.558 [info] > git config --get commit.template [4ms]
2023-11-02 11:40:12.558 [info] No remotes found in the git config file.
2023-11-02 11:40:12.558 [info] > git for-each-ref --format=%(refname)%00%(upstream:short)%00%(objectname)%00%(upstream:track)%00%(upstream:remotename)%00%(upstream:remoteref) refs/heads/main refs/remotes/main [1ms]
2023-11-02 11:40:12.566 [info] > git status -z -uall [5ms]
2023-11-02 11:40:17.585 [info] > git config --get commit.template [3ms]
2023-11-02 11:40:17.585 [info] No remotes found in the git config file.
2023-11-02 11:40:17.585 [info] > git for-each-ref --format=%(refname)%00%(upstream:short)%00%(objectname)%00%(upstream:track)%00%(upstream:remotename)%00%(upstream:remoteref) refs/heads/main refs/remotes/main [0ms]
2023-11-02 11:40:17.593 [info] > git status -z -uall [5ms]
2023-11-02 11:40:22.613 [info] > git config --get commit.template [4ms]
2023-11-02 11:40:22.613 [info] No remotes found in the git config file.
2023-11-02 11:40:22.613 [info] > git for-each-ref --format=%(refname)%00%(upstream:short)%00%(objectname)%00%(upstream:track)%00%(upstream:remotename)%00%(upstream:remoteref) refs/heads/main refs/remotes/main [0ms]
2023-11-02 11:40:22.621 [info] > git status -z -uall [5ms]
2023-11-02 11:40:27.637 [info] > git config --get commit.template [0ms]
2023-11-02 11:40:27.640 [info] No remotes found in the git config file.
2023-11-02 11:40:27.640 [info] > git for-each-ref --format=%(refname)%00%(upstream:short)%00%(objectname)%00%(upstream:track)%00%(upstream:remotename)%00%(upstream:remoteref) refs/heads/main refs/remotes/main [0ms]
2023-11-02 11:40:27.648 [info] > git status -z -uall [5ms]
2023-11-02 11:40:32.665 [info] > git config --get commit.template [1ms]
2023-11-02 11:40:32.669 [info] No remotes found in the git config file.
2023-11-02 11:40:32.669 [info] > git for-each-ref --format=%(refname)%00%(upstream:short)%00%(objectname)%00%(upstream:track)%00%(upstream:remotename)%00%(upstream:remoteref) refs/heads/main refs/remotes/main [1ms]
2023-11-02 11:40:32.677 [info] > git status -z -uall [5ms]
2023-11-02 11:40:54.319 [info] > git config --get commit.template [2ms]
2023-11-02 11:40:54.323 [info] No remotes found in the git config file.
2023-11-02 11:40:54.324 [info] > git for-each-ref --format=%(refname)%00%(upstream:short)%00%(objectname)%00%(upstream:track)%00%(upstream:remotename)%00%(upstream:remoteref) refs/heads/main refs/remotes/main [0ms]
2023-11-02 11:40:54.332 [info] > git status -z -uall [6ms]
2023-11-02 11:40:59.354 [info] > git config --get commit.template [3ms]
2023-11-02 11:40:59.354 [info] No remotes found in the git config file.
2023-11-02 11:40:59.355 [info] > git for-each-ref --format=%(refname)%00%(upstream:short)%00%(objectname)%00%(upstream:track)%00%(upstream:remotename)%00%(upstream:remoteref) refs/heads/main refs/remotes/main [1ms]
2023-11-02 11:40:59.363 [info] > git status -z -uall [5ms]
2023-11-02 11:41:04.382 [info] No remotes found in the git config file.
2023-11-02 11:41:04.382 [info] > git config --get commit.template [3ms]
2023-11-02 11:41:04.383 [info] > git for-each-ref --format=%(refname)%00%(upstream:short)%00%(objectname)%00%(upstream:track)%00%(upstream:remotename)%00%(upstream:remoteref) refs/heads/main refs/remotes/main [1ms]
2023-11-02 11:41:04.391 [info] > git status -z -uall [6ms]
2023-11-02 11:41:09.678 [info] No remotes found in the git config file.
2023-11-02 11:41:09.679 [info] > git config --get commit.template [3ms]
2023-11-02 11:41:09.679 [info] > git for-each-ref --format=%(refname)%00%(upstream:short)%00%(objectname)%00%(upstream:track)%00%(upstream:remotename)%00%(upstream:remoteref) refs/heads/main refs/remotes/main [1ms]
2023-11-02 11:41:09.687 [info] > git status -z -uall [5ms]
2023-11-02 11:41:16.678 [info] > git config --get commit.template [1ms]
2023-11-02 11:41:16.683 [info] No remotes found in the git config file.
2023-11-02 11:41:16.683 [info] > git for-each-ref --format=%(refname)%00%(upstream:short)%00%(objectname)%00%(upstream:track)%00%(upstream:remotename)%00%(upstream:remoteref) refs/heads/main refs/remotes/main [1ms]
2023-11-02 11:41:16.692 [info] > git status -z -uall [6ms]
2023-11-02 11:41:21.708 [info] > git config --get commit.template [1ms]
2023-11-02 11:41:21.711 [info] No remotes found in the git config file.
2023-11-02 11:41:21.712 [info] > git for-each-ref --format=%(refname)%00%(upstream:short)%00%(objectname)%00%(upstream:track)%00%(upstream:remotename)%00%(upstream:remoteref) refs/heads/main refs/remotes/main [0ms]
2023-11-02 11:41:21.719 [info] > git status -z -uall [5ms]
2023-11-02 11:41:26.739 [info] No remotes found in the git config file.
2023-11-02 11:41:26.739 [info] > git config --get commit.template [4ms]
2023-11-02 11:41:26.739 [info] > git for-each-ref --format=%(refname)%00%(upstream:short)%00%(objectname)%00%(upstream:track)%00%(upstream:remotename)%00%(upstream:remoteref) refs/heads/main refs/remotes/main [0ms]
2023-11-02 11:41:26.747 [info] > git status -z -uall [5ms]
2023-11-02 11:41:31.767 [info] > git config --get commit.template [3ms]
2023-11-02 11:41:31.767 [info] No remotes found in the git config file.
2023-11-02 11:41:31.767 [info] > git for-each-ref --format=%(refname)%00%(upstream:short)%00%(objectname)%00%(upstream:track)%00%(upstream:remotename)%00%(upstream:remoteref) refs/heads/main refs/remotes/main [1ms]
2023-11-02 11:41:31.775 [info] > git status -z -uall [6ms]
2023-11-02 11:41:36.794 [info] > git config --get commit.template [3ms]
2023-11-02 11:41:36.794 [info] No remotes found in the git config file.
2023-11-02 11:41:36.794 [info] > git for-each-ref --format=%(refname)%00%(upstream:short)%00%(objectname)%00%(upstream:track)%00%(upstream:remotename)%00%(upstream:remoteref) refs/heads/main refs/remotes/main [0ms]
2023-11-02 11:41:36.803 [info] > git status -z -uall [6ms]
2023-11-02 11:41:41.821 [info] > git config --get commit.template [3ms]
2023-11-02 11:41:41.821 [info] No remotes found in the git config file.
2023-11-02 11:41:41.821 [info] > git for-each-ref --format=%(refname)%00%(upstream:short)%00%(objectname)%00%(upstream:track)%00%(upstream:remotename)%00%(upstream:remoteref) refs/heads/main refs/remotes/main [1ms]
2023-11-02 11:41:41.829 [info] > git status -z -uall [5ms]
2023-11-02 11:41:57.907 [info] > git config --get commit.template [1ms]
2023-11-02 11:41:57.911 [info] No remotes found in the git config file.
2023-11-02 11:41:57.912 [info] > git for-each-ref --format=%(refname)%00%(upstream:short)%00%(objectname)%00%(upstream:track)%00%(upstream:remotename)%00%(upstream:remoteref) refs/heads/main refs/remotes/main [0ms]
2023-11-02 11:41:57.922 [info] > git status -z -uall [5ms]
2023-11-02 11:42:02.945 [info] > git config --get commit.template [3ms]
2023-11-02 11:42:02.946 [info] No remotes found in the git config file.
2023-11-02 11:42:02.946 [info] > git for-each-ref --format=%(refname)%00%(upstream:short)%00%(objectname)%00%(upstream:track)%00%(upstream:remotename)%00%(upstream:remoteref) refs/heads/main refs/remotes/main [1ms]
2023-11-02 11:42:02.954 [info] > git status -z -uall [6ms]
2023-11-02 11:42:08.694 [info] > git config --get commit.template [3ms]
2023-11-02 11:42:08.694 [info] No remotes found in the git config file.
2023-11-02 11:42:08.695 [info] > git for-each-ref --format=%(refname)%00%(upstream:short)%00%(objectname)%00%(upstream:track)%00%(upstream:remotename)%00%(upstream:remoteref) refs/heads/main refs/remotes/main [1ms]
2023-11-02 11:42:08.702 [info] > git status -z -uall [5ms]
2023-11-02 11:42:13.722 [info] > git config --get commit.template [3ms]
2023-11-02 11:42:13.723 [info] No remotes found in the git config file.
2023-11-02 11:42:13.723 [info] > git for-each-ref --format=%(refname)%00%(upstream:short)%00%(objectname)%00%(upstream:track)%00%(upstream:remotename)%00%(upstream:remoteref) refs/heads/main refs/remotes/main [1ms]
2023-11-02 11:42:13.732 [info] > git status -z -uall [5ms]
2023-11-02 11:42:18.749 [info] No remotes found in the git config file.
2023-11-02 11:42:18.750 [info] > git config --get commit.template [3ms]
2023-11-02 11:42:18.750 [info] > git for-each-ref --format=%(refname)%00%(upstream:short)%00%(objectname)%00%(upstream:track)%00%(upstream:remotename)%00%(upstream:remoteref) refs/heads/main refs/remotes/main [1ms]
2023-11-02 11:42:18.758 [info] > git status -z -uall [6ms]
2023-11-02 11:42:23.776 [info] > git config --get commit.template [3ms]
2023-11-02 11:42:23.777 [info] No remotes found in the git config file.
2023-11-02 11:42:23.777 [info] > git for-each-ref --format=%(refname)%00%(upstream:short)%00%(objectname)%00%(upstream:track)%00%(upstream:remotename)%00%(upstream:remoteref) refs/heads/main refs/remotes/main [1ms]
2023-11-02 11:42:23.785 [info] > git status -z -uall [5ms]
2023-11-02 11:42:25.734 [info] > git check-ignore -v -z --stdin [1ms]
2023-11-02 11:42:28.803 [info] No remotes found in the git config file.
2023-11-02 11:42:28.804 [info] > git config --get commit.template [4ms]
2023-11-02 11:42:28.804 [info] > git for-each-ref --format=%(refname)%00%(upstream:short)%00%(objectname)%00%(upstream:track)%00%(upstream:remotename)%00%(upstream:remoteref) refs/heads/main refs/remotes/main [1ms]
2023-11-02 11:42:28.812 [info] > git status -z -uall [5ms]
2023-11-02 11:42:34.698 [info] > git config --get commit.template [1ms]
2023-11-02 11:42:34.701 [info] No remotes found in the git config file.
2023-11-02 11:42:34.702 [info] > git for-each-ref --format=%(refname)%00%(upstream:short)%00%(objectname)%00%(upstream:track)%00%(upstream:remotename)%00%(upstream:remoteref) refs/heads/main refs/remotes/main [1ms]
2023-11-02 11:42:34.710 [info] > git status -z -uall [5ms]
2023-11-02 11:42:39.725 [info] > git config --get commit.template [1ms]
2023-11-02 11:42:39.729 [info] No remotes found in the git config file.
2023-11-02 11:42:39.730 [info] > git for-each-ref --format=%(refname)%00%(upstream:short)%00%(objectname)%00%(upstream:track)%00%(upstream:remotename)%00%(upstream:remoteref) refs/heads/main refs/remotes/main [1ms]
2023-11-02 11:42:39.738 [info] > git status -z -uall [5ms]
2023-11-02 11:42:44.757 [info] > git config --get commit.template [3ms]
2023-11-02 11:42:44.758 [info] No remotes found in the git config file.
2023-11-02 11:42:44.758 [info] > git for-each-ref --format=%(refname)%00%(upstream:short)%00%(objectname)%00%(upstream:track)%00%(upstream:remotename)%00%(upstream:remoteref) refs/heads/main refs/remotes/main [1ms]
2023-11-02 11:42:44.766 [info] > git status -z -uall [5ms]
2023-11-02 11:42:49.785 [info] No remotes found in the git config file.
2023-11-02 11:42:49.786 [info] > git config --get commit.template [3ms]
2023-11-02 11:42:49.786 [info] > git for-each-ref --format=%(refname)%00%(upstream:short)%00%(objectname)%00%(upstream:track)%00%(upstream:remotename)%00%(upstream:remoteref) refs/heads/main refs/remotes/main [1ms]
2023-11-02 11:42:49.794 [info] > git status -z -uall [6ms]
2023-11-02 11:43:07.821 [info] > git config --get commit.template [1ms]
2023-11-02 11:43:07.825 [info] No remotes found in the git config file.
2023-11-02 11:43:07.826 [info] > git for-each-ref --format=%(refname)%00%(upstream:short)%00%(objectname)%00%(upstream:track)%00%(upstream:remotename)%00%(upstream:remoteref) refs/heads/main refs/remotes/main [1ms]
2023-11-02 11:43:07.835 [info] > git status -z -uall [5ms]
2023-11-02 11:43:12.859 [info] No remotes found in the git config file.
2023-11-02 11:43:12.860 [info] > git config --get commit.template [5ms]
2023-11-02 11:43:12.860 [info] > git for-each-ref --format=%(refname)%00%(upstream:short)%00%(objectname)%00%(upstream:track)%00%(upstream:remotename)%00%(upstream:remoteref) refs/heads/main refs/remotes/main [1ms]
2023-11-02 11:43:12.868 [info] > git status -z -uall [5ms]
2023-11-02 11:43:17.888 [info] No remotes found in the git config file.
2023-11-02 11:43:17.889 [info] > git config --get commit.template [3ms]
2023-11-02 11:43:17.889 [info] > git for-each-ref --format=%(refname)%00%(upstream:short)%00%(objectname)%00%(upstream:track)%00%(upstream:remotename)%00%(upstream:remoteref) refs/heads/main refs/remotes/main [1ms]
2023-11-02 11:43:17.896 [info] > git status -z -uall [5ms]
2023-11-02 11:43:27.239 [info] > git config --get commit.template [1ms]
2023-11-02 11:43:27.243 [info] No remotes found in the git config file.
2023-11-02 11:43:27.244 [info] > git for-each-ref --format=%(refname)%00%(upstream:short)%00%(objectname)%00%(upstream:track)%00%(upstream:remotename)%00%(upstream:remoteref) refs/heads/main refs/remotes/main [1ms]
2023-11-02 11:43:27.253 [info] > git status -z -uall [5ms]
