2024-01-23 11:00:51.119 [info] Log level: Info
2024-01-23 11:00:51.119 [info] Validating found git in: "git"
2024-01-23 11:00:51.119 [info] Using git "2.34.1" from "git"
2024-01-23 11:00:51.119 [info] > git rev-parse --show-toplevel [6ms]
2024-01-23 11:00:51.119 [info] > git rev-parse --git-dir --git-common-dir [1ms]
2024-01-23 11:00:51.119 [info] Open repository: /home/sezuel/workspace/github.com/Sezuel/bookbot
2024-01-23 11:00:51.119 [info] > git rev-parse --show-toplevel [1ms]
2024-01-23 11:00:51.119 [info] > git config --get commit.template [7ms]
2024-01-23 11:00:51.119 [info] > git for-each-ref --format=%(refname)%00%(upstream:short)%00%(objectname)%00%(upstream:track)%00%(upstream:remotename)%00%(upstream:remoteref) refs/heads/main refs/remotes/main [1ms]
2024-01-23 11:00:51.119 [info] > git status -z -uall [1ms]
2024-01-23 11:00:51.119 [info] > git config --get commit.template [4ms]
2024-01-23 11:00:51.119 [info] > git for-each-ref --format=%(refname)%00%(upstream:short)%00%(objectname)%00%(upstream:track)%00%(upstream:remotename)%00%(upstream:remoteref) refs/heads/main refs/remotes/main [1ms]
2024-01-23 11:00:51.119 [info] > git status -z -uall [1ms]
2024-01-23 11:00:51.655 [info] > git check-ignore -v -z --stdin [1ms]
2024-01-23 11:00:54.061 [info] > git show --textconv :.gitignore [3ms]
2024-01-23 11:00:54.061 [info] > git ls-files --stage -- /home/sezuel/workspace/github.com/Sezuel/bookbot/.gitignore [1ms]
2024-01-23 11:00:54.065 [info] > git cat-file -s 1503dd9a6311d406af576293da11fd2466c6fac8 [1ms]
2024-01-23 11:01:06.235 [info] > git merge-base refs/heads/main refs/remotes/origin/main [1ms]
2024-01-23 11:01:06.240 [info] > git rev-list --count --left-right refs/heads/main...refs/remotes/origin/main [2ms]
2024-01-23 11:01:26.237 [info] > git add -A -- . [2ms]
2024-01-23 11:01:26.565 [info] > git show --textconv :.git/COMMIT_EDITMSG [4ms]
2024-01-23 11:01:26.566 [info] > git ls-files --stage -- /home/sezuel/workspace/github.com/Sezuel/bookbot/.git/COMMIT_EDITMSG [2ms]
2024-01-23 11:01:26.878 [info] > git check-ignore -v -z --stdin [0ms]
2024-01-23 11:01:27.434 [info] > git ls-files --stage -- /home/sezuel/workspace/github.com/Sezuel/bookbot/.git/COMMIT_EDITMSG [0ms]
2024-01-23 11:01:27.488 [info] > git show --textconv :.git/COMMIT_EDITMSG [1ms]
2024-01-23 11:01:35.961 [info] > git -c user.useConfigOnly=true commit --quiet [9721ms]
2024-01-23 11:01:35.961 [info] Aborting commit due to empty commit message.
2024-01-23 11:01:35.968 [info] > git config --get commit.template [3ms]
2024-01-23 11:01:35.968 [info] > git for-each-ref --format=%(refname)%00%(upstream:short)%00%(objectname)%00%(upstream:track)%00%(upstream:remotename)%00%(upstream:remoteref) refs/heads/main refs/remotes/main [0ms]
2024-01-23 11:01:35.972 [info] > git status -z -uall [1ms]
2024-01-23 11:01:40.819 [info] > git branch [2ms]
2024-01-23 11:01:40.823 [info] > git reset -q HEAD -- /home/sezuel/workspace/github.com/Sezuel/bookbot/.gitignore [2ms]
2024-01-23 11:01:40.829 [info] > git config --get commit.template [3ms]
2024-01-23 11:01:40.829 [info] > git for-each-ref --format=%(refname)%00%(upstream:short)%00%(objectname)%00%(upstream:track)%00%(upstream:remotename)%00%(upstream:remoteref) refs/heads/main refs/remotes/main [1ms]
2024-01-23 11:01:40.833 [info] > git status -z -uall [0ms]
2024-01-23 11:01:41.909 [info] > git config --get commit.template [4ms]
2024-01-23 11:01:41.909 [info] > git for-each-ref --format=%(refname)%00%(upstream:short)%00%(objectname)%00%(upstream:track)%00%(upstream:remotename)%00%(upstream:remoteref) refs/heads/main refs/remotes/main [1ms]
2024-01-23 11:01:41.912 [info] > git status -z -uall [1ms]
2024-01-23 11:01:47.222 [info] > git checkout -q -- /home/sezuel/workspace/github.com/Sezuel/bookbot/.gitignore [2ms]
2024-01-23 11:01:47.227 [info] > git config --get commit.template [1ms]
2024-01-23 11:01:47.230 [info] > git for-each-ref --format=%(refname)%00%(upstream:short)%00%(objectname)%00%(upstream:track)%00%(upstream:remotename)%00%(upstream:remoteref) refs/heads/main refs/remotes/main [1ms]
2024-01-23 11:01:47.234 [info] > git status -z -uall [1ms]
2024-01-23 11:01:48.309 [info] > git config --get commit.template [4ms]
2024-01-23 11:01:48.309 [info] > git for-each-ref --format=%(refname)%00%(upstream:short)%00%(objectname)%00%(upstream:track)%00%(upstream:remotename)%00%(upstream:remoteref) refs/heads/main refs/remotes/main [1ms]
2024-01-23 11:01:48.313 [info] > git status -z -uall [1ms]
2024-01-23 11:01:59.287 [info] > git show --textconv :testing.py [3ms]
2024-01-23 11:01:59.287 [info] > git ls-files --stage -- /home/sezuel/workspace/github.com/Sezuel/bookbot/testing.py [1ms]
2024-01-23 11:02:26.696 [info] > git show --textconv :testing.py [5ms]
2024-01-23 11:02:26.696 [info] > git ls-files --stage -- /home/sezuel/workspace/github.com/Sezuel/bookbot/testing.py [1ms]
2024-01-23 11:02:31.299 [info] > git show --textconv :.gitignore [4ms]
2024-01-23 11:02:31.300 [info] > git ls-files --stage -- /home/sezuel/workspace/github.com/Sezuel/bookbot/.gitignore [0ms]
2024-01-23 11:02:31.304 [info] > git cat-file -s 1503dd9a6311d406af576293da11fd2466c6fac8 [1ms]
2024-01-23 11:02:46.668 [info] > git add -A -- . [2ms]
2024-01-23 11:02:46.678 [info] > git config --get commit.template [4ms]
2024-01-23 11:02:46.678 [info] > git for-each-ref --format=%(refname)%00%(upstream:short)%00%(objectname)%00%(upstream:track)%00%(upstream:remotename)%00%(upstream:remoteref) refs/heads/main refs/remotes/main [1ms]
2024-01-23 11:02:46.683 [info] > git status -z -uall [1ms]
2024-01-23 11:02:46.999 [info] > git show --textconv :.git/COMMIT_EDITMSG [4ms]
2024-01-23 11:02:47.000 [info] > git ls-files --stage -- /home/sezuel/workspace/github.com/Sezuel/bookbot/.git/COMMIT_EDITMSG [1ms]
2024-01-23 11:02:47.283 [info] > git check-ignore -v -z --stdin [0ms]
2024-01-23 11:02:47.945 [info] > git ls-files --stage -- /home/sezuel/workspace/github.com/Sezuel/bookbot/.git/COMMIT_EDITMSG [1ms]
2024-01-23 11:02:47.953 [info] > git show --textconv :.git/COMMIT_EDITMSG [1ms]
2024-01-23 11:02:52.098 [info] > git check-ignore -v -z --stdin [1ms]
2024-01-23 11:02:55.919 [info] > git show --textconv :testing.py [4ms]
2024-01-23 11:02:55.920 [info] > git ls-files --stage -- /home/sezuel/workspace/github.com/Sezuel/bookbot/testing.py [2ms]
2024-01-23 11:03:00.597 [info] > git show --textconv :main.py [3ms]
2024-01-23 11:03:00.598 [info] > git ls-files --stage -- /home/sezuel/workspace/github.com/Sezuel/bookbot/main.py [1ms]
2024-01-23 11:03:00.601 [info] > git cat-file -s 182230b7eca055d1a81fbc745e4e61b3147d7b5a [0ms]
2024-01-23 11:03:01.613 [info] > git show --textconv :testing.py [5ms]
2024-01-23 11:03:01.613 [info] > git ls-files --stage -- /home/sezuel/workspace/github.com/Sezuel/bookbot/testing.py [1ms]
2024-01-23 11:03:06.072 [info] > git show --textconv :main.py [5ms]
2024-01-23 11:03:06.073 [info] > git ls-files --stage -- /home/sezuel/workspace/github.com/Sezuel/bookbot/main.py [1ms]
2024-01-23 11:03:06.077 [info] > git cat-file -s 182230b7eca055d1a81fbc745e4e61b3147d7b5a [1ms]
2024-01-23 11:03:07.007 [info] > git show --textconv :.gitignore [5ms]
2024-01-23 11:03:07.007 [info] > git ls-files --stage -- /home/sezuel/workspace/github.com/Sezuel/bookbot/.gitignore [1ms]
2024-01-23 11:03:07.011 [info] > git cat-file -s 0620944391e520277884b22d851d347cb98d331c [1ms]
2024-01-23 11:03:13.168 [info] > git check-ignore -v -z --stdin [1ms]
2024-01-23 11:03:15.376 [info] > git show --textconv :main.py [3ms]
2024-01-23 11:03:15.377 [info] > git ls-files --stage -- /home/sezuel/workspace/github.com/Sezuel/bookbot/main.py [1ms]
2024-01-23 11:03:15.381 [info] > git cat-file -s 182230b7eca055d1a81fbc745e4e61b3147d7b5a [1ms]
2024-01-23 11:03:15.755 [info] > git show --textconv :.git/COMMIT_EDITMSG [4ms]
2024-01-23 11:03:15.756 [info] > git ls-files --stage -- /home/sezuel/workspace/github.com/Sezuel/bookbot/.git/COMMIT_EDITMSG [2ms]
2024-01-23 11:03:16.048 [info] > git check-ignore -v -z --stdin [0ms]
2024-01-23 11:03:16.583 [info] > git -c user.useConfigOnly=true commit --quiet [29892ms]
2024-01-23 11:03:16.583 [info] Aborting commit due to empty commit message.
2024-01-23 11:03:16.590 [info] > git config --get commit.template [1ms]
2024-01-23 11:03:16.594 [info] > git for-each-ref --format=%(refname)%00%(upstream:short)%00%(objectname)%00%(upstream:track)%00%(upstream:remotename)%00%(upstream:remoteref) refs/heads/main refs/remotes/main [1ms]
2024-01-23 11:03:16.600 [info] > git status -z -uall [1ms]
2024-01-23 11:03:16.966 [info] > git show --textconv :main.py [5ms]
2024-01-23 11:03:16.966 [info] > git ls-files --stage -- /home/sezuel/workspace/github.com/Sezuel/bookbot/main.py [1ms]
2024-01-23 11:03:16.970 [info] > git cat-file -s 182230b7eca055d1a81fbc745e4e61b3147d7b5a [1ms]
2024-01-23 11:03:19.177 [info] > git show --textconv :.gitignore [3ms]
2024-01-23 11:03:19.178 [info] > git ls-files --stage -- /home/sezuel/workspace/github.com/Sezuel/bookbot/.gitignore [1ms]
2024-01-23 11:03:19.182 [info] > git cat-file -s 0620944391e520277884b22d851d347cb98d331c [1ms]
2024-01-23 11:03:29.343 [info] > git show --textconv :.git/COMMIT_EDITMSG [5ms]
2024-01-23 11:03:29.343 [info] > git ls-files --stage -- /home/sezuel/workspace/github.com/Sezuel/bookbot/.git/COMMIT_EDITMSG [1ms]
2024-01-23 11:03:30.272 [info] > git ls-files --stage -- /home/sezuel/workspace/github.com/Sezuel/bookbot/.git/COMMIT_EDITMSG [1ms]
2024-01-23 11:03:30.278 [info] > git show --textconv :.git/COMMIT_EDITMSG [1ms]
2024-01-23 11:03:35.909 [info] > git -c user.useConfigOnly=true commit --quiet [6862ms]
2024-01-23 11:03:35.909 [info] Aborting commit due to empty commit message.
2024-01-23 11:03:35.918 [info] > git for-each-ref --format=%(refname)%00%(upstream:short)%00%(objectname)%00%(upstream:track)%00%(upstream:remotename)%00%(upstream:remoteref) refs/heads/main refs/remotes/main [1ms]
2024-01-23 11:03:35.918 [info] > git config --get commit.template [4ms]
2024-01-23 11:03:35.923 [info] > git status -z -uall [1ms]
2024-01-23 11:03:36.144 [info] > git show --textconv :.gitignore [5ms]
2024-01-23 11:03:36.145 [info] > git ls-files --stage -- /home/sezuel/workspace/github.com/Sezuel/bookbot/.gitignore [1ms]
2024-01-23 11:03:36.149 [info] > git cat-file -s 0620944391e520277884b22d851d347cb98d331c [0ms]
2024-01-23 11:03:38.733 [info] > git checkout -q -- /home/sezuel/workspace/github.com/Sezuel/bookbot/.gitignore [2ms]
2024-01-23 11:03:38.743 [info] > git for-each-ref --format=%(refname)%00%(upstream:short)%00%(objectname)%00%(upstream:track)%00%(upstream:remotename)%00%(upstream:remoteref) refs/heads/main refs/remotes/main [1ms]
2024-01-23 11:03:38.743 [info] > git config --get commit.template [5ms]
2024-01-23 11:03:38.748 [info] > git status -z -uall [1ms]
2024-01-23 11:03:39.820 [info] > git config --get commit.template [1ms]
2024-01-23 11:03:39.824 [info] > git for-each-ref --format=%(refname)%00%(upstream:short)%00%(objectname)%00%(upstream:track)%00%(upstream:remotename)%00%(upstream:remoteref) refs/heads/main refs/remotes/main [1ms]
2024-01-23 11:03:39.829 [info] > git status -z -uall [1ms]
2024-01-23 11:03:39.923 [info] > git ls-files --stage -- /home/sezuel/workspace/github.com/Sezuel/bookbot/.gitignore [1ms]
2024-01-23 11:03:39.928 [info] > git cat-file -s 0620944391e520277884b22d851d347cb98d331c [1ms]
2024-01-23 11:03:39.935 [info] > git show --textconv :.gitignore [1ms]
2024-01-23 11:03:45.900 [info] > git branch [1ms]
2024-01-23 11:03:45.904 [info] > git reset -q HEAD -- /home/sezuel/workspace/github.com/Sezuel/bookbot/.gitignore [1ms]
2024-01-23 11:03:45.912 [info] > git config --get commit.template [2ms]
2024-01-23 11:03:45.912 [info] > git for-each-ref --format=%(refname)%00%(upstream:short)%00%(objectname)%00%(upstream:track)%00%(upstream:remotename)%00%(upstream:remoteref) refs/heads/main refs/remotes/main [1ms]
2024-01-23 11:03:45.916 [info] > git status -z -uall [1ms]
2024-01-23 11:03:46.992 [info] > git config --get commit.template [4ms]
2024-01-23 11:03:46.993 [info] > git for-each-ref --format=%(refname)%00%(upstream:short)%00%(objectname)%00%(upstream:track)%00%(upstream:remotename)%00%(upstream:remoteref) refs/heads/main refs/remotes/main [1ms]
2024-01-23 11:03:46.997 [info] > git status -z -uall [0ms]
2024-01-23 11:03:47.091 [info] > git ls-files --stage -- /home/sezuel/workspace/github.com/Sezuel/bookbot/.gitignore [0ms]
2024-01-23 11:03:47.097 [info] > git cat-file -s 1503dd9a6311d406af576293da11fd2466c6fac8 [1ms]
2024-01-23 11:03:47.105 [info] > git show --textconv :.gitignore [0ms]
2024-01-23 11:03:48.474 [info] > git checkout -q -- /home/sezuel/workspace/github.com/Sezuel/bookbot/.gitignore [2ms]
2024-01-23 11:03:48.481 [info] > git config --get commit.template [0ms]
2024-01-23 11:03:48.486 [info] > git for-each-ref --format=%(refname)%00%(upstream:short)%00%(objectname)%00%(upstream:track)%00%(upstream:remotename)%00%(upstream:remoteref) refs/heads/main refs/remotes/main [2ms]
2024-01-23 11:03:48.490 [info] > git status -z -uall [0ms]
2024-01-23 11:03:49.660 [info] > git ls-files --stage -- /home/sezuel/workspace/github.com/Sezuel/bookbot/.gitignore [0ms]
2024-01-23 11:03:49.664 [info] > git cat-file -s 1503dd9a6311d406af576293da11fd2466c6fac8 [0ms]
2024-01-23 11:03:49.672 [info] > git show --textconv :.gitignore [0ms]
2024-01-23 11:03:52.005 [info] > git config --get commit.template [2ms]
2024-01-23 11:03:52.008 [info] > git for-each-ref --format=%(refname)%00%(upstream:short)%00%(objectname)%00%(upstream:track)%00%(upstream:remotename)%00%(upstream:remoteref) refs/heads/main refs/remotes/main [1ms]
2024-01-23 11:03:52.012 [info] > git status -z -uall [1ms]
2024-01-23 11:03:55.874 [info] > git show --textconv :README.md [6ms]
2024-01-23 11:03:55.874 [info] > git ls-files --stage -- /home/sezuel/workspace/github.com/Sezuel/bookbot/README.md [1ms]
2024-01-23 11:03:55.879 [info] > git cat-file -s 9b9552868d8d01091ce86f1cb7204ae19b55a9ea [1ms]
2024-01-23 11:07:01.574 [info] > git rev-parse --show-toplevel [1ms]
2024-01-23 11:07:01.580 [info] > git rev-parse --git-dir --git-common-dir [0ms]
2024-01-23 11:07:01.585 [info] Open repository: /home/sezuel
2024-01-23 11:07:01.590 [info] > git config --get commit.template [1ms]
2024-01-23 11:07:01.595 [info] No remotes found in the git config file.
2024-01-23 11:07:01.596 [info] > git for-each-ref --format=%(refname)%00%(upstream:short)%00%(objectname)%00%(upstream:track)%00%(upstream:remotename)%00%(upstream:remoteref) refs/heads/main refs/remotes/main [2ms]
2024-01-23 11:07:01.660 [info] > git status -z -uall [60ms] (cancelled)
2024-01-23 11:07:01.899 [info] > git show --textconv :.bashrc [4ms]
2024-01-23 11:07:01.900 [info] > git ls-files --stage -- /home/sezuel/.bashrc [1ms]
2024-01-23 11:07:02.110 [info] > git check-ignore -v -z --stdin [5ms]
2024-01-23 11:07:02.110 [info] > git check-ignore -v -z --stdin [1ms]
2024-01-23 11:07:03.184 [info] > git show --textconv :README.md [3ms]
2024-01-23 11:07:03.185 [info] > git ls-files --stage -- /home/sezuel/workspace/github.com/Sezuel/bookbot/README.md [1ms]
2024-01-23 11:07:03.189 [info] > git cat-file -s 9b9552868d8d01091ce86f1cb7204ae19b55a9ea [1ms]
2024-01-23 11:07:09.132 [info] > git config --get commit.template [4ms]
2024-01-23 11:07:09.140 [info] No remotes found in the git config file.
2024-01-23 11:07:09.143 [info] > git for-each-ref --format=%(refname)%00%(upstream:short)%00%(objectname)%00%(upstream:track)%00%(upstream:remotename)%00%(upstream:remoteref) refs/heads/main refs/remotes/main [3ms]
2024-01-23 11:07:09.922 [info] > git status -z -uall [774ms] (cancelled)
2024-01-23 11:07:12.576 [info] > git check-ignore -v -z --stdin [6ms]
2024-01-23 11:07:12.577 [info] > git check-ignore -v -z --stdin [1ms]
2024-01-23 11:07:27.940 [info] > git check-ignore -v -z --stdin [0ms]
2024-01-23 11:08:30.231 [info] > git show --textconv :main.py [6ms]
2024-01-23 11:08:30.232 [info] > git ls-files --stage -- /home/sezuel/workspace/github.com/Sezuel/bookbot/main.py [1ms]
2024-01-23 11:08:30.239 [info] > git cat-file -s 182230b7eca055d1a81fbc745e4e61b3147d7b5a [1ms]
2024-01-23 11:08:31.896 [info] > git show --textconv :README.md [6ms]
2024-01-23 11:08:31.896 [info] > git ls-files --stage -- /home/sezuel/workspace/github.com/Sezuel/bookbot/README.md [1ms]
2024-01-23 11:08:31.902 [info] > git cat-file -s 9b9552868d8d01091ce86f1cb7204ae19b55a9ea [1ms]
